2020-03-09 10:25:45,376 [Worker-5: Loading available Gradle versions] INFO  o.e.b.c.i.u.g.PublishedGradleVersions - Gradle version information cache is up-to-date. Trying to read.
2020-03-10 10:27:29,962 [Worker-4: Loading available Gradle versions] INFO  o.e.b.c.i.u.g.PublishedGradleVersions - Gradle version information cache is up-to-date. Trying to read.
2020-03-17 19:49:06,099 [Worker-2: Loading available Gradle versions] INFO  o.e.b.c.i.u.g.PublishedGradleVersions - Gradle version information cache is out-of-date. Trying to update.
2020-03-18 10:26:20,469 [Worker-81: Enabling Maven Dependency Management] INFO  o.e.m.c.i.e.AbstractTransferListenerAdapter - Downloading https://repo.maven.apache.org/maven2/org/apache/maven/plugins/maven-jar-plugin/2.4/maven-jar-plugin-2.4.jar
2020-03-18 10:26:20,800 [Worker-81: Enabling Maven Dependency Management] INFO  o.e.m.c.i.e.AbstractTransferListenerAdapter - Downloaded https://repo.maven.apache.org/maven2/org/apache/maven/plugins/maven-jar-plugin/2.4/maven-jar-plugin-2.4.jar
2020-03-18 10:26:21,175 [Worker-81: Enabling Maven Dependency Management] INFO  o.e.m.c.i.l.LifecycleMappingFactory - Using org.eclipse.m2e.jdt.JarLifecycleMapping lifecycle mapping for MavenProject: iotClient:iotClient:0.0.1-SNAPSHOT @ /Users/johyunmin/IoT_TCP_IP_Network/network2/iotClient/pom.xml.
2020-03-18 10:26:22,296 [Worker-81: Enabling Maven Dependency Management] INFO  o.e.m.c.i.e.AbstractTransferListenerAdapter - Downloading https://repo.maven.apache.org/maven2/org/apache/maven/plugins/maven-jar-plugin/2.4/maven-jar-plugin-2.4.pom
2020-03-18 10:26:22,824 [Worker-81: Enabling Maven Dependency Management] INFO  o.e.m.c.i.e.AbstractTransferListenerAdapter - Downloaded https://repo.maven.apache.org/maven2/org/apache/maven/plugins/maven-jar-plugin/2.4/maven-jar-plugin-2.4.pom
2020-03-18 10:26:23,089 [Worker-81: Enabling Maven Dependency Management] INFO  o.e.m.c.i.e.AbstractTransferListenerAdapter - Downloading https://repo.maven.apache.org/maven2/commons-lang/commons-lang/2.1/commons-lang-2.1.pom
2020-03-18 10:26:23,256 [Worker-81: Enabling Maven Dependency Management] INFO  o.e.m.c.i.e.AbstractTransferListenerAdapter - Downloaded https://repo.maven.apache.org/maven2/commons-lang/commons-lang/2.1/commons-lang-2.1.pom
2020-03-18 10:26:23,437 [Worker-81: Enabling Maven Dependency Management] INFO  o.e.m.c.i.e.AbstractTransferListenerAdapter - Downloading https://repo.maven.apache.org/maven2/commons-lang/commons-lang/2.1/commons-lang-2.1.jar
2020-03-18 10:26:24,114 [Worker-81: Enabling Maven Dependency Management] INFO  o.e.m.c.i.e.AbstractTransferListenerAdapter - Downloaded https://repo.maven.apache.org/maven2/commons-lang/commons-lang/2.1/commons-lang-2.1.jar
2020-03-18 10:26:24,345 [Worker-81: Enabling Maven Dependency Management] INFO  o.e.m.j.i.AbstractJavaProjectConfigurator - Adding source folder /iotClient/src
2020-03-18 10:26:24,345 [Worker-81: Enabling Maven Dependency Management] INFO  o.e.m.j.i.AbstractJavaProjectConfigurator - Resources folder /iotClient/src overlaps with sources folder /iotClient/src
2020-03-18 10:26:24,347 [Worker-81: Enabling Maven Dependency Management] INFO  o.e.m.j.i.AbstractJavaProjectConfigurator - Not adding source folder /iotClient/src/test/java because it overlaps with /iotClient/src
2020-03-18 10:26:24,405 [Worker-81: Enabling Maven Dependency Management] INFO  o.e.m.c.i.p.ProjectConfigurationManager - Update started
2020-03-18 10:26:24,667 [Worker-81: Enabling Maven Dependency Management] INFO  o.e.m.c.i.l.LifecycleMappingFactory - Using org.eclipse.m2e.jdt.JarLifecycleMapping lifecycle mapping for MavenProject: iotClient:iotClient:0.0.1-SNAPSHOT @ /Users/johyunmin/IoT_TCP_IP_Network/network2/iotClient/pom.xml.
2020-03-18 10:26:24,788 [Worker-81: Enabling Maven Dependency Management] INFO  o.e.m.j.i.AbstractJavaProjectConfigurator - Adding source folder /iotClient/src
2020-03-18 10:26:24,788 [Worker-81: Enabling Maven Dependency Management] INFO  o.e.m.j.i.AbstractJavaProjectConfigurator - Resources folder /iotClient/src overlaps with sources folder /iotClient/src
2020-03-18 10:26:24,790 [Worker-81: Enabling Maven Dependency Management] INFO  o.e.m.j.i.AbstractJavaProjectConfigurator - Not adding source folder /iotClient/src/test/java because it overlaps with /iotClient/src
2020-03-18 10:26:25,356 [Worker-81: Enabling Maven Dependency Management] INFO  o.e.m.c.i.p.ProjectConfigurationManager - Update completed: 0 sec
2020-03-18 10:26:25,988 [Worker-92: Building workspace] WARN  o.e.m.c.i.embedder.EclipseLogger - Using platform encoding (UTF-8 actually) to copy filtered resources, i.e. build is platform dependent!
2020-03-18 10:26:25,995 [Worker-92: Building workspace] INFO  o.e.m.c.i.embedder.EclipseLogger - Copying 1 resource
2020-03-18 10:26:26,001 [Worker-92: Building workspace] WARN  o.e.m.c.i.embedder.EclipseLogger - Using platform encoding (UTF-8 actually) to copy filtered resources, i.e. build is platform dependent!
2020-03-18 10:26:26,001 [Worker-92: Building workspace] INFO  o.e.m.c.i.embedder.EclipseLogger - skip non existing resourceDirectory /Users/johyunmin/IoT_TCP_IP_Network/network2/iotClient/src/test/resources
2020-03-18 10:27:04,092 [Worker-87: Building workspace] INFO  o.e.m.c.i.l.LifecycleMappingFactory - Using org.eclipse.m2e.jdt.JarLifecycleMapping lifecycle mapping for MavenProject: iotClient:iotClient:0.0.1-SNAPSHOT @ /Users/johyunmin/IoT_TCP_IP_Network/network2/iotClient/pom.xml.
2020-03-18 10:27:04,997 [Worker-87: Building workspace] INFO  o.e.m.c.i.e.AbstractTransferListenerAdapter - Downloading https://repo.maven.apache.org/maven2/eu/hansolo/tilesfx/11.32/tilesfx-11.32.pom
2020-03-18 10:27:05,441 [Worker-87: Building workspace] INFO  o.e.m.c.i.e.AbstractTransferListenerAdapter - Downloaded https://repo.maven.apache.org/maven2/eu/hansolo/tilesfx/11.32/tilesfx-11.32.pom
2020-03-18 10:27:05,611 [Worker-87: Building workspace] INFO  o.e.m.c.i.e.AbstractTransferListenerAdapter - Downloading https://repo.maven.apache.org/maven2/com/googlecode/json-simple/json-simple/1.1.1/json-simple-1.1.1.pom
2020-03-18 10:27:05,796 [Worker-87: Building workspace] INFO  o.e.m.c.i.e.AbstractTransferListenerAdapter - Downloaded https://repo.maven.apache.org/maven2/com/googlecode/json-simple/json-simple/1.1.1/json-simple-1.1.1.pom
2020-03-18 10:27:05,977 [Worker-87: Building workspace] INFO  o.e.m.c.i.e.AbstractTransferListenerAdapter - Downloading https://repo.maven.apache.org/maven2/junit/junit/4.10/junit-4.10.pom
2020-03-18 10:27:06,153 [Worker-87: Building workspace] INFO  o.e.m.c.i.e.AbstractTransferListenerAdapter - Downloaded https://repo.maven.apache.org/maven2/junit/junit/4.10/junit-4.10.pom
2020-03-18 10:27:06,339 [Worker-87: Building workspace] INFO  o.e.m.c.i.e.AbstractTransferListenerAdapter - Downloading https://repo.maven.apache.org/maven2/org/openjfx/javafx-controls/12.0.1/javafx-controls-12.0.1.pom
2020-03-18 10:27:06,550 [Worker-87: Building workspace] INFO  o.e.m.c.i.e.AbstractTransferListenerAdapter - Downloaded https://repo.maven.apache.org/maven2/org/openjfx/javafx-controls/12.0.1/javafx-controls-12.0.1.pom
2020-03-18 10:27:06,719 [Worker-87: Building workspace] INFO  o.e.m.c.i.e.AbstractTransferListenerAdapter - Downloading https://repo.maven.apache.org/maven2/org/openjfx/javafx/12.0.1/javafx-12.0.1.pom
2020-03-18 10:27:06,898 [Worker-87: Building workspace] INFO  o.e.m.c.i.e.AbstractTransferListenerAdapter - Downloaded https://repo.maven.apache.org/maven2/org/openjfx/javafx/12.0.1/javafx-12.0.1.pom
2020-03-18 10:27:07,068 [Worker-87: Building workspace] INFO  o.e.m.c.i.e.AbstractTransferListenerAdapter - Downloading https://repo.maven.apache.org/maven2/org/openjfx/javafx-graphics/12.0.1/javafx-graphics-12.0.1.pom
2020-03-18 10:27:07,262 [Worker-87: Building workspace] INFO  o.e.m.c.i.e.AbstractTransferListenerAdapter - Downloaded https://repo.maven.apache.org/maven2/org/openjfx/javafx-graphics/12.0.1/javafx-graphics-12.0.1.pom
2020-03-18 10:27:07,425 [Worker-87: Building workspace] INFO  o.e.m.c.i.e.AbstractTransferListenerAdapter - Downloading https://repo.maven.apache.org/maven2/org/openjfx/javafx-base/12.0.1/javafx-base-12.0.1.pom
2020-03-18 10:27:07,604 [Worker-87: Building workspace] INFO  o.e.m.c.i.e.AbstractTransferListenerAdapter - Downloaded https://repo.maven.apache.org/maven2/org/openjfx/javafx-base/12.0.1/javafx-base-12.0.1.pom
2020-03-18 10:27:07,775 [Worker-87: Building workspace] INFO  o.e.m.c.i.e.AbstractTransferListenerAdapter - Downloading https://repo.maven.apache.org/maven2/org/openjfx/javafx-media/12.0.1/javafx-media-12.0.1.pom
2020-03-18 10:27:08,015 [Worker-87: Building workspace] INFO  o.e.m.c.i.e.AbstractTransferListenerAdapter - Downloaded https://repo.maven.apache.org/maven2/org/openjfx/javafx-media/12.0.1/javafx-media-12.0.1.pom
2020-03-18 10:27:08,172 [Worker-87: Building workspace] INFO  o.e.m.c.i.e.AbstractTransferListenerAdapter - Downloading https://repo.maven.apache.org/maven2/org/openjfx/javafx-web/12.0.1/javafx-web-12.0.1.pom
2020-03-18 10:27:08,348 [Worker-87: Building workspace] INFO  o.e.m.c.i.e.AbstractTransferListenerAdapter - Downloaded https://repo.maven.apache.org/maven2/org/openjfx/javafx-web/12.0.1/javafx-web-12.0.1.pom
2020-03-18 10:27:08,524 [Worker-87: Building workspace] INFO  o.e.m.c.i.e.AbstractTransferListenerAdapter - Downloading https://repo.maven.apache.org/maven2/com/googlecode/json-simple/json-simple/1.1.1/json-simple-1.1.1.jar
2020-03-18 10:27:08,868 [Worker-87: Building workspace] INFO  o.e.m.c.i.e.AbstractTransferListenerAdapter - Downloaded https://repo.maven.apache.org/maven2/com/googlecode/json-simple/json-simple/1.1.1/json-simple-1.1.1.jar
2020-03-18 10:27:09,038 [Worker-87: Building workspace] INFO  o.e.m.c.i.e.AbstractTransferListenerAdapter - Downloading https://repo.maven.apache.org/maven2/junit/junit/4.10/junit-4.10.jar
2020-03-18 10:27:10,013 [Worker-87: Building workspace] INFO  o.e.m.c.i.e.AbstractTransferListenerAdapter - Downloaded https://repo.maven.apache.org/maven2/junit/junit/4.10/junit-4.10.jar
2020-03-18 10:27:10,187 [Worker-87: Building workspace] INFO  o.e.m.c.i.e.AbstractTransferListenerAdapter - Downloading https://repo.maven.apache.org/maven2/org/openjfx/javafx-controls/12.0.1/javafx-controls-12.0.1.jar
2020-03-18 10:27:10,369 [Worker-87: Building workspace] INFO  o.e.m.c.i.e.AbstractTransferListenerAdapter - Downloaded https://repo.maven.apache.org/maven2/org/openjfx/javafx-controls/12.0.1/javafx-controls-12.0.1.jar
2020-03-18 10:27:11,257 [Worker-87: Building workspace] INFO  o.e.m.c.i.e.AbstractTransferListenerAdapter - Downloading https://repo.maven.apache.org/maven2/org/openjfx/javafx-controls/12.0.1/javafx-controls-12.0.1-mac.jar
2020-03-18 10:27:17,118 [Worker-87: Building workspace] INFO  o.e.m.c.i.e.AbstractTransferListenerAdapter - Downloaded https://repo.maven.apache.org/maven2/org/openjfx/javafx-controls/12.0.1/javafx-controls-12.0.1-mac.jar
2020-03-18 10:27:17,285 [Worker-87: Building workspace] INFO  o.e.m.c.i.e.AbstractTransferListenerAdapter - Downloading https://repo.maven.apache.org/maven2/org/openjfx/javafx-media/12.0.1/javafx-media-12.0.1.jar
2020-03-18 10:27:17,519 [Worker-87: Building workspace] INFO  o.e.m.c.i.e.AbstractTransferListenerAdapter - Downloaded https://repo.maven.apache.org/maven2/org/openjfx/javafx-media/12.0.1/javafx-media-12.0.1.jar
2020-03-18 10:27:17,829 [Worker-87: Building workspace] INFO  o.e.m.c.i.e.AbstractTransferListenerAdapter - Downloading https://repo.maven.apache.org/maven2/org/openjfx/javafx-media/12.0.1/javafx-media-12.0.1-mac.jar
2020-03-18 10:27:19,797 [Worker-87: Building workspace] INFO  o.e.m.c.i.e.AbstractTransferListenerAdapter - Downloaded https://repo.maven.apache.org/maven2/org/openjfx/javafx-media/12.0.1/javafx-media-12.0.1-mac.jar
2020-03-18 10:27:19,965 [Worker-87: Building workspace] INFO  o.e.m.c.i.e.AbstractTransferListenerAdapter - Downloading https://repo.maven.apache.org/maven2/org/openjfx/javafx-graphics/12.0.1/javafx-graphics-12.0.1.jar
2020-03-18 10:27:20,142 [Worker-87: Building workspace] INFO  o.e.m.c.i.e.AbstractTransferListenerAdapter - Downloaded https://repo.maven.apache.org/maven2/org/openjfx/javafx-graphics/12.0.1/javafx-graphics-12.0.1.jar
2020-03-18 10:27:20,686 [Worker-87: Building workspace] INFO  o.e.m.c.i.e.AbstractTransferListenerAdapter - Downloading https://repo.maven.apache.org/maven2/org/openjfx/javafx-graphics/12.0.1/javafx-graphics-12.0.1-mac.jar
2020-03-18 10:27:23,419 [Worker-87: Building workspace] INFO  o.e.m.c.i.e.AbstractTransferListenerAdapter - Downloaded https://repo.maven.apache.org/maven2/org/openjfx/javafx-graphics/12.0.1/javafx-graphics-12.0.1-mac.jar
2020-03-18 10:27:23,592 [Worker-87: Building workspace] INFO  o.e.m.c.i.e.AbstractTransferListenerAdapter - Downloading https://repo.maven.apache.org/maven2/org/openjfx/javafx-base/12.0.1/javafx-base-12.0.1.jar
2020-03-18 10:27:23,770 [Worker-87: Building workspace] INFO  o.e.m.c.i.e.AbstractTransferListenerAdapter - Downloaded https://repo.maven.apache.org/maven2/org/openjfx/javafx-base/12.0.1/javafx-base-12.0.1.jar
2020-03-18 10:27:23,946 [Worker-87: Building workspace] INFO  o.e.m.c.i.e.AbstractTransferListenerAdapter - Downloading https://repo.maven.apache.org/maven2/org/openjfx/javafx-base/12.0.1/javafx-base-12.0.1-mac.jar
2020-03-18 10:27:24,359 [Worker-87: Building workspace] INFO  o.e.m.c.i.e.AbstractTransferListenerAdapter - Downloaded https://repo.maven.apache.org/maven2/org/openjfx/javafx-base/12.0.1/javafx-base-12.0.1-mac.jar
2020-03-18 10:27:24,532 [Worker-87: Building workspace] INFO  o.e.m.c.i.e.AbstractTransferListenerAdapter - Downloading https://repo.maven.apache.org/maven2/org/openjfx/javafx-web/12.0.1/javafx-web-12.0.1.jar
2020-03-18 10:27:24,703 [Worker-87: Building workspace] INFO  o.e.m.c.i.e.AbstractTransferListenerAdapter - Downloaded https://repo.maven.apache.org/maven2/org/openjfx/javafx-web/12.0.1/javafx-web-12.0.1.jar
2020-03-18 10:27:25,371 [Worker-87: Building workspace] INFO  o.e.m.c.i.e.AbstractTransferListenerAdapter - Downloading https://repo.maven.apache.org/maven2/org/openjfx/javafx-web/12.0.1/javafx-web-12.0.1-mac.jar
2020-03-18 10:27:30,993 [Worker-87: Building workspace] INFO  o.e.m.c.i.e.AbstractTransferListenerAdapter - Downloaded https://repo.maven.apache.org/maven2/org/openjfx/javafx-web/12.0.1/javafx-web-12.0.1-mac.jar
2020-03-18 10:27:31,297 [Worker-87: Building workspace] WARN  o.e.m.c.i.embedder.EclipseLogger - Using platform encoding (UTF-8 actually) to copy filtered resources, i.e. build is platform dependent!
2020-03-18 10:27:31,300 [Worker-87: Building workspace] INFO  o.e.m.c.i.embedder.EclipseLogger - Copying 0 resource
2020-03-18 10:27:31,301 [Worker-87: Building workspace] WARN  o.e.m.c.i.embedder.EclipseLogger - Using platform encoding (UTF-8 actually) to copy filtered resources, i.e. build is platform dependent!
2020-03-18 10:27:31,301 [Worker-87: Building workspace] INFO  o.e.m.c.i.embedder.EclipseLogger - skip non existing resourceDirectory /Users/johyunmin/IoT_TCP_IP_Network/network2/iotClient/src/test/resources
2020-03-18 10:27:31,461 [Worker-87: Building workspace] WARN  o.e.m.c.i.embedder.EclipseLogger - Using platform encoding (UTF-8 actually) to copy filtered resources, i.e. build is platform dependent!
2020-03-18 10:27:31,465 [Worker-87: Building workspace] INFO  o.e.m.c.i.embedder.EclipseLogger - Copying 1 resource
2020-03-18 10:27:31,472 [Worker-87: Building workspace] WARN  o.e.m.c.i.embedder.EclipseLogger - Using platform encoding (UTF-8 actually) to copy filtered resources, i.e. build is platform dependent!
2020-03-18 10:27:31,472 [Worker-87: Building workspace] INFO  o.e.m.c.i.embedder.EclipseLogger - skip non existing resourceDirectory /Users/johyunmin/IoT_TCP_IP_Network/network2/iotClient/src/test/resources
2020-03-18 10:27:33,789 [Worker-81: Download sources and javadoc] INFO  o.e.m.c.i.e.AbstractTransferListenerAdapter - Downloading https://repo.maven.apache.org/maven2/com/googlecode/json-simple/json-simple/1.1.1/json-simple-1.1.1-sources.jar
2020-03-18 10:27:34,179 [Worker-81: Download sources and javadoc] INFO  o.e.m.c.i.e.AbstractTransferListenerAdapter - Downloaded https://repo.maven.apache.org/maven2/com/googlecode/json-simple/json-simple/1.1.1/json-simple-1.1.1-sources.jar
2020-03-18 10:27:34,211 [Worker-81: Download sources and javadoc] INFO  o.e.m.j.internal.DownloadSourcesJob - Downloaded sources for com.googlecode.json-simple:json-simple:1.1.1
2020-03-18 10:27:34,503 [Worker-81: Download sources and javadoc] INFO  o.e.m.c.i.e.AbstractTransferListenerAdapter - Downloading https://repo.maven.apache.org/maven2/junit/junit/4.10/junit-4.10-sources.jar
2020-03-18 10:27:35,199 [Worker-81: Download sources and javadoc] INFO  o.e.m.c.i.e.AbstractTransferListenerAdapter - Downloaded https://repo.maven.apache.org/maven2/junit/junit/4.10/junit-4.10-sources.jar
2020-03-18 10:27:35,207 [Worker-81: Download sources and javadoc] INFO  o.e.m.j.internal.DownloadSourcesJob - Downloaded sources for junit:junit:4.10
2020-03-18 10:27:35,527 [Worker-81: Download sources and javadoc] INFO  o.e.m.c.i.e.AbstractTransferListenerAdapter - Downloading https://repo.maven.apache.org/maven2/org/openjfx/javafx-controls/12.0.1/javafx-controls-12.0.1-sources.jar
2020-03-18 10:27:40,161 [Worker-81: Download sources and javadoc] INFO  o.e.m.c.i.e.AbstractTransferListenerAdapter - Downloaded https://repo.maven.apache.org/maven2/org/openjfx/javafx-controls/12.0.1/javafx-controls-12.0.1-sources.jar
2020-03-18 10:27:40,170 [Worker-81: Download sources and javadoc] INFO  o.e.m.j.internal.DownloadSourcesJob - Downloaded sources for org.openjfx:javafx-controls:12.0.1
2020-03-18 10:27:40,172 [Worker-81: Download sources and javadoc] INFO  o.e.m.j.internal.DownloadSourcesJob - Downloaded sources for org.openjfx:javafx-controls:12.0.1:mac
2020-03-18 10:27:40,416 [Worker-81: Download sources and javadoc] INFO  o.e.m.c.i.e.AbstractTransferListenerAdapter - Downloading https://repo.maven.apache.org/maven2/org/openjfx/javafx-media/12.0.1/javafx-media-12.0.1-sources.jar
2020-03-18 10:27:41,276 [Worker-81: Download sources and javadoc] INFO  o.e.m.c.i.e.AbstractTransferListenerAdapter - Downloaded https://repo.maven.apache.org/maven2/org/openjfx/javafx-media/12.0.1/javafx-media-12.0.1-sources.jar
2020-03-18 10:27:41,284 [Worker-81: Download sources and javadoc] INFO  o.e.m.j.internal.DownloadSourcesJob - Downloaded sources for org.openjfx:javafx-media:12.0.1
2020-03-18 10:27:41,286 [Worker-81: Download sources and javadoc] INFO  o.e.m.j.internal.DownloadSourcesJob - Downloaded sources for org.openjfx:javafx-media:12.0.1:mac
2020-03-18 10:27:41,553 [Worker-81: Download sources and javadoc] INFO  o.e.m.c.i.e.AbstractTransferListenerAdapter - Downloading https://repo.maven.apache.org/maven2/org/openjfx/javafx-graphics/12.0.1/javafx-graphics-12.0.1-sources.jar
2020-03-18 10:27:45,507 [Worker-81: Download sources and javadoc] INFO  o.e.m.c.i.e.AbstractTransferListenerAdapter - Downloaded https://repo.maven.apache.org/maven2/org/openjfx/javafx-graphics/12.0.1/javafx-graphics-12.0.1-sources.jar
2020-03-18 10:27:45,516 [Worker-81: Download sources and javadoc] INFO  o.e.m.j.internal.DownloadSourcesJob - Downloaded sources for org.openjfx:javafx-graphics:12.0.1
2020-03-18 10:27:45,517 [Worker-81: Download sources and javadoc] INFO  o.e.m.j.internal.DownloadSourcesJob - Downloaded sources for org.openjfx:javafx-graphics:12.0.1:mac
2020-03-18 10:27:45,698 [Worker-81: Download sources and javadoc] INFO  o.e.m.c.i.e.AbstractTransferListenerAdapter - Downloading https://repo.maven.apache.org/maven2/org/openjfx/javafx-base/12.0.1/javafx-base-12.0.1-sources.jar
2020-03-18 10:27:46,113 [Worker-81: Download sources and javadoc] INFO  o.e.m.c.i.e.AbstractTransferListenerAdapter - Downloaded https://repo.maven.apache.org/maven2/org/openjfx/javafx-base/12.0.1/javafx-base-12.0.1-sources.jar
2020-03-18 10:27:46,121 [Worker-81: Download sources and javadoc] INFO  o.e.m.j.internal.DownloadSourcesJob - Downloaded sources for org.openjfx:javafx-base:12.0.1
2020-03-18 10:27:46,123 [Worker-81: Download sources and javadoc] INFO  o.e.m.j.internal.DownloadSourcesJob - Downloaded sources for org.openjfx:javafx-base:12.0.1:mac
2020-03-18 10:27:46,382 [Worker-81: Download sources and javadoc] INFO  o.e.m.c.i.e.AbstractTransferListenerAdapter - Downloading https://repo.maven.apache.org/maven2/org/openjfx/javafx-web/12.0.1/javafx-web-12.0.1-sources.jar
2020-03-18 10:27:46,818 [Worker-81: Download sources and javadoc] INFO  o.e.m.c.i.e.AbstractTransferListenerAdapter - Downloaded https://repo.maven.apache.org/maven2/org/openjfx/javafx-web/12.0.1/javafx-web-12.0.1-sources.jar
2020-03-18 10:27:46,828 [Worker-81: Download sources and javadoc] INFO  o.e.m.j.internal.DownloadSourcesJob - Downloaded sources for org.openjfx:javafx-web:12.0.1
2020-03-18 10:27:46,830 [Worker-81: Download sources and javadoc] INFO  o.e.m.j.internal.DownloadSourcesJob - Downloaded sources for org.openjfx:javafx-web:12.0.1:mac
2020-03-18 10:27:47,018 [Worker-83: Building workspace] WARN  o.e.m.c.i.embedder.EclipseLogger - Using platform encoding (UTF-8 actually) to copy filtered resources, i.e. build is platform dependent!
2020-03-18 10:27:47,019 [Worker-83: Building workspace] INFO  o.e.m.c.i.embedder.EclipseLogger - Copying 0 resource
2020-03-18 10:27:47,020 [Worker-83: Building workspace] WARN  o.e.m.c.i.embedder.EclipseLogger - Using platform encoding (UTF-8 actually) to copy filtered resources, i.e. build is platform dependent!
2020-03-18 10:27:47,020 [Worker-83: Building workspace] INFO  o.e.m.c.i.embedder.EclipseLogger - skip non existing resourceDirectory /Users/johyunmin/IoT_TCP_IP_Network/network2/iotClient/src/test/resources
2020-03-18 10:29:20,096 [Worker-88: Building workspace] WARN  o.e.m.c.i.embedder.EclipseLogger - Using platform encoding (UTF-8 actually) to copy filtered resources, i.e. build is platform dependent!
2020-03-18 10:29:20,097 [Worker-88: Building workspace] INFO  o.e.m.c.i.embedder.EclipseLogger - Copying 1 resource
2020-03-18 10:29:20,099 [Worker-88: Building workspace] WARN  o.e.m.c.i.embedder.EclipseLogger - Using platform encoding (UTF-8 actually) to copy filtered resources, i.e. build is platform dependent!
2020-03-18 10:29:20,100 [Worker-88: Building workspace] INFO  o.e.m.c.i.embedder.EclipseLogger - skip non existing resourceDirectory /Users/johyunmin/IoT_TCP_IP_Network/network2/iotClient/src/test/resources
2020-03-18 10:33:02,619 [Worker-94: Building workspace] WARN  o.e.m.c.i.embedder.EclipseLogger - Using platform encoding (UTF-8 actually) to copy filtered resources, i.e. build is platform dependent!
2020-03-18 10:33:02,625 [Worker-94: Building workspace] INFO  o.e.m.c.i.embedder.EclipseLogger - Copying 1 resource
2020-03-18 10:33:02,626 [Worker-94: Building workspace] WARN  o.e.m.c.i.embedder.EclipseLogger - Using platform encoding (UTF-8 actually) to copy filtered resources, i.e. build is platform dependent!
2020-03-18 10:33:02,627 [Worker-94: Building workspace] INFO  o.e.m.c.i.embedder.EclipseLogger - skip non existing resourceDirectory /Users/johyunmin/IoT_TCP_IP_Network/network2/iotClient/src/test/resources
2020-03-18 10:34:23,304 [Worker-78: Building workspace] WARN  o.e.m.c.i.embedder.EclipseLogger - Using platform encoding (UTF-8 actually) to copy filtered resources, i.e. build is platform dependent!
2020-03-18 10:34:23,308 [Worker-78: Building workspace] INFO  o.e.m.c.i.embedder.EclipseLogger - Copying 1 resource
2020-03-18 10:34:23,309 [Worker-78: Building workspace] WARN  o.e.m.c.i.embedder.EclipseLogger - Using platform encoding (UTF-8 actually) to copy filtered resources, i.e. build is platform dependent!
2020-03-18 10:34:23,310 [Worker-78: Building workspace] INFO  o.e.m.c.i.embedder.EclipseLogger - skip non existing resourceDirectory /Users/johyunmin/IoT_TCP_IP_Network/network2/iotClient/src/test/resources
2020-03-18 10:36:51,085 [Worker-96: Building workspace] WARN  o.e.m.c.i.embedder.EclipseLogger - Using platform encoding (UTF-8 actually) to copy filtered resources, i.e. build is platform dependent!
2020-03-18 10:36:51,089 [Worker-96: Building workspace] INFO  o.e.m.c.i.embedder.EclipseLogger - Copying 1 resource
2020-03-18 10:36:51,091 [Worker-96: Building workspace] WARN  o.e.m.c.i.embedder.EclipseLogger - Using platform encoding (UTF-8 actually) to copy filtered resources, i.e. build is platform dependent!
2020-03-18 10:36:51,091 [Worker-96: Building workspace] INFO  o.e.m.c.i.embedder.EclipseLogger - skip non existing resourceDirectory /Users/johyunmin/IoT_TCP_IP_Network/network2/iotClient/src/test/resources
2020-03-18 10:37:55,649 [Worker-88: Building workspace] WARN  o.e.m.c.i.embedder.EclipseLogger - Using platform encoding (UTF-8 actually) to copy filtered resources, i.e. build is platform dependent!
2020-03-18 10:37:55,652 [Worker-88: Building workspace] INFO  o.e.m.c.i.embedder.EclipseLogger - Copying 1 resource
2020-03-18 10:37:55,655 [Worker-88: Building workspace] WARN  o.e.m.c.i.embedder.EclipseLogger - Using platform encoding (UTF-8 actually) to copy filtered resources, i.e. build is platform dependent!
2020-03-18 10:37:55,656 [Worker-88: Building workspace] INFO  o.e.m.c.i.embedder.EclipseLogger - skip non existing resourceDirectory /Users/johyunmin/IoT_TCP_IP_Network/network2/iotClient/src/test/resources
2020-03-18 10:38:18,155 [Worker-82: Building workspace] WARN  o.e.m.c.i.embedder.EclipseLogger - Using platform encoding (UTF-8 actually) to copy filtered resources, i.e. build is platform dependent!
2020-03-18 10:38:18,159 [Worker-82: Building workspace] INFO  o.e.m.c.i.embedder.EclipseLogger - Copying 1 resource
2020-03-18 10:38:18,161 [Worker-82: Building workspace] WARN  o.e.m.c.i.embedder.EclipseLogger - Using platform encoding (UTF-8 actually) to copy filtered resources, i.e. build is platform dependent!
2020-03-18 10:38:18,161 [Worker-82: Building workspace] INFO  o.e.m.c.i.embedder.EclipseLogger - skip non existing resourceDirectory /Users/johyunmin/IoT_TCP_IP_Network/network2/iotClient/src/test/resources
2020-03-18 10:41:33,787 [Worker-96: Updating Maven Project] INFO  o.e.m.c.i.p.ProjectConfigurationManager - Update started
2020-03-18 10:41:34,055 [Worker-96: Updating Maven Project] INFO  o.e.m.c.i.l.LifecycleMappingFactory - Using org.eclipse.m2e.jdt.JarLifecycleMapping lifecycle mapping for MavenProject: iotClient:iotClient:0.0.1-SNAPSHOT @ /Users/johyunmin/IoT_TCP_IP_Network/network2/iotClient/pom.xml.
2020-03-18 10:41:34,181 [Worker-96: Updating Maven Project] INFO  o.e.m.j.i.AbstractJavaProjectConfigurator - Adding source folder /iotClient/src
2020-03-18 10:41:34,181 [Worker-96: Updating Maven Project] INFO  o.e.m.j.i.AbstractJavaProjectConfigurator - Resources folder /iotClient/src overlaps with sources folder /iotClient/src
2020-03-18 10:41:34,182 [Worker-96: Updating Maven Project] INFO  o.e.m.j.i.AbstractJavaProjectConfigurator - Not adding source folder /iotClient/src/test/java because it overlaps with /iotClient/src
2020-03-18 10:41:35,002 [Worker-96: Updating Maven Project] INFO  o.e.m.c.i.p.ProjectConfigurationManager - Update completed: 1 sec
2020-03-18 10:41:37,075 [Worker-95: Building workspace] WARN  o.e.m.c.i.embedder.EclipseLogger - Using platform encoding (UTF-8 actually) to copy filtered resources, i.e. build is platform dependent!
2020-03-18 10:41:37,077 [Worker-95: Building workspace] INFO  o.e.m.c.i.embedder.EclipseLogger - Copying 1 resource
2020-03-18 10:41:37,082 [Worker-95: Building workspace] WARN  o.e.m.c.i.embedder.EclipseLogger - Using platform encoding (UTF-8 actually) to copy filtered resources, i.e. build is platform dependent!
2020-03-18 10:41:37,083 [Worker-95: Building workspace] INFO  o.e.m.c.i.embedder.EclipseLogger - skip non existing resourceDirectory /Users/johyunmin/IoT_TCP_IP_Network/network2/iotClient/src/test/resources
2020-03-18 10:42:30,629 [Worker-96: Building workspace] WARN  o.e.m.c.i.embedder.EclipseLogger - Using platform encoding (UTF-8 actually) to copy filtered resources, i.e. build is platform dependent!
2020-03-18 10:42:30,633 [Worker-96: Building workspace] INFO  o.e.m.c.i.embedder.EclipseLogger - Copying 1 resource
2020-03-18 10:42:30,634 [Worker-96: Building workspace] WARN  o.e.m.c.i.embedder.EclipseLogger - Using platform encoding (UTF-8 actually) to copy filtered resources, i.e. build is platform dependent!
2020-03-18 10:42:30,634 [Worker-96: Building workspace] INFO  o.e.m.c.i.embedder.EclipseLogger - skip non existing resourceDirectory /Users/johyunmin/IoT_TCP_IP_Network/network2/iotClient/src/test/resources
2020-03-18 10:44:26,286 [Worker-78: Building workspace] WARN  o.e.m.c.i.embedder.EclipseLogger - Using platform encoding (UTF-8 actually) to copy filtered resources, i.e. build is platform dependent!
2020-03-18 10:44:26,288 [Worker-78: Building workspace] INFO  o.e.m.c.i.embedder.EclipseLogger - Copying 1 resource
2020-03-18 10:44:26,289 [Worker-78: Building workspace] WARN  o.e.m.c.i.embedder.EclipseLogger - Using platform encoding (UTF-8 actually) to copy filtered resources, i.e. build is platform dependent!
2020-03-18 10:44:26,290 [Worker-78: Building workspace] INFO  o.e.m.c.i.embedder.EclipseLogger - skip non existing resourceDirectory /Users/johyunmin/IoT_TCP_IP_Network/network2/iotClient/src/test/resources
2020-03-18 10:45:55,675 [Worker-94: Building workspace] WARN  o.e.m.c.i.embedder.EclipseLogger - Using platform encoding (UTF-8 actually) to copy filtered resources, i.e. build is platform dependent!
2020-03-18 10:45:55,675 [Worker-94: Building workspace] INFO  o.e.m.c.i.embedder.EclipseLogger - Copying 0 resource
2020-03-18 10:45:55,676 [Worker-94: Building workspace] WARN  o.e.m.c.i.embedder.EclipseLogger - Using platform encoding (UTF-8 actually) to copy filtered resources, i.e. build is platform dependent!
2020-03-18 10:45:55,676 [Worker-94: Building workspace] INFO  o.e.m.c.i.embedder.EclipseLogger - skip non existing resourceDirectory /Users/johyunmin/IoT_TCP_IP_Network/network2/iotClient/src/test/resources
2020-03-18 10:49:08,442 [Worker-94: Building workspace] WARN  o.e.m.c.i.embedder.EclipseLogger - Using platform encoding (UTF-8 actually) to copy filtered resources, i.e. build is platform dependent!
2020-03-18 10:49:08,446 [Worker-94: Building workspace] INFO  o.e.m.c.i.embedder.EclipseLogger - Copying 1 resource
2020-03-18 10:49:08,448 [Worker-94: Building workspace] WARN  o.e.m.c.i.embedder.EclipseLogger - Using platform encoding (UTF-8 actually) to copy filtered resources, i.e. build is platform dependent!
2020-03-18 10:49:08,448 [Worker-94: Building workspace] INFO  o.e.m.c.i.embedder.EclipseLogger - skip non existing resourceDirectory /Users/johyunmin/IoT_TCP_IP_Network/network2/iotClient/src/test/resources
2020-03-18 10:49:12,437 [Worker-78: Rebuilding] WARN  o.e.m.c.i.embedder.EclipseLogger - Using platform encoding (UTF-8 actually) to copy filtered resources, i.e. build is platform dependent!
2020-03-18 10:49:12,438 [Worker-78: Rebuilding] INFO  o.e.m.c.i.embedder.EclipseLogger - Copying 1 resource
2020-03-18 10:49:12,439 [Worker-78: Rebuilding] WARN  o.e.m.c.i.embedder.EclipseLogger - Using platform encoding (UTF-8 actually) to copy filtered resources, i.e. build is platform dependent!
2020-03-18 10:49:12,439 [Worker-78: Rebuilding] INFO  o.e.m.c.i.embedder.EclipseLogger - skip non existing resourceDirectory /Users/johyunmin/IoT_TCP_IP_Network/network2/iotClient/src/test/resources
2020-03-18 10:49:20,374 [Worker-94: Building workspace] WARN  o.e.m.c.i.embedder.EclipseLogger - Using platform encoding (UTF-8 actually) to copy filtered resources, i.e. build is platform dependent!
2020-03-18 10:49:20,376 [Worker-94: Building workspace] INFO  o.e.m.c.i.embedder.EclipseLogger - Copying 1 resource
2020-03-18 10:49:20,377 [Worker-94: Building workspace] WARN  o.e.m.c.i.embedder.EclipseLogger - Using platform encoding (UTF-8 actually) to copy filtered resources, i.e. build is platform dependent!
2020-03-18 10:49:20,377 [Worker-94: Building workspace] INFO  o.e.m.c.i.embedder.EclipseLogger - skip non existing resourceDirectory /Users/johyunmin/IoT_TCP_IP_Network/network2/iotClient/src/test/resources
2020-03-18 19:40:26,157 [ModalContext] ERROR o.e.m.j.i.l.MavenLaunchConfigurationListener - Launch configuration TestLauncher (2) references non-existing project tilesfx.
org.eclipse.core.runtime.CoreException: Launch configuration TestLauncher (2) references non-existing project tilesfx.
	at org.eclipse.jdt.launching.JavaRuntime.abort(JavaRuntime.java:1839) ~[na:na]
	at org.eclipse.jdt.launching.JavaRuntime.getJavaProject(JavaRuntime.java:1714) ~[na:na]
	at org.eclipse.m2e.jdt.internal.launch.MavenLaunchConfigurationListener.updateLaunchConfiguration(MavenLaunchConfigurationListener.java:53) ~[na:na]
	at org.eclipse.m2e.jdt.internal.launch.MavenLaunchConfigurationListener.launchConfigurationChanged(MavenLaunchConfigurationListener.java:38) ~[na:na]
	at org.eclipse.debug.internal.core.LaunchManager$ConfigurationNotifier.run(LaunchManager.java:225) ~[na:na]
	at org.eclipse.core.runtime.SafeRunner.run(SafeRunner.java:45) ~[org.eclipse.equinox.common_3.10.300.v20190218-2100.jar:na]
	at org.eclipse.debug.internal.core.LaunchManager$ConfigurationNotifier.notify(LaunchManager.java:209) ~[na:na]
	at org.eclipse.debug.internal.core.LaunchManager.launchConfigurationChanged(LaunchManager.java:2151) ~[na:na]
	at org.eclipse.debug.internal.core.LaunchConfigurationWorkingCopy.writeNewFile(LaunchConfigurationWorkingCopy.java:381) ~[na:na]
	at org.eclipse.debug.internal.core.LaunchConfigurationWorkingCopy.doSave0(LaunchConfigurationWorkingCopy.java:258) ~[na:na]
	at org.eclipse.debug.internal.core.LaunchConfigurationWorkingCopy.doSave(LaunchConfigurationWorkingCopy.java:228) ~[na:na]
	at org.eclipse.debug.internal.core.LaunchConfigurationWorkingCopy.doSave(LaunchConfigurationWorkingCopy.java:186) ~[na:na]
	at org.eclipse.buildship.core.internal.launch.DefaultExternalLaunchConfigurationManager.updateLaunchConfiguration(DefaultExternalLaunchConfigurationManager.java:154) ~[na:na]
	at org.eclipse.buildship.core.internal.launch.DefaultExternalLaunchConfigurationManager.removeGradleClasspathProvider(DefaultExternalLaunchConfigurationManager.java:145) ~[na:na]
	at org.eclipse.buildship.core.internal.launch.DefaultExternalLaunchConfigurationManager.updateClasspathProvider(DefaultExternalLaunchConfigurationManager.java:101) ~[na:na]
	at org.eclipse.buildship.core.internal.launch.DefaultExternalLaunchConfigurationManager.updateClasspathProviders(DefaultExternalLaunchConfigurationManager.java:73) ~[na:na]
	at org.eclipse.buildship.core.internal.launch.DefaultExternalLaunchConfigurationManager$LaunchConfigurationListener.onEvent(DefaultExternalLaunchConfigurationManager.java:216) ~[na:na]
	at org.eclipse.buildship.core.internal.event.DefaultListenerRegistry.dispatch(DefaultListenerRegistry.java:49) ~[na:na]
	at org.eclipse.buildship.core.internal.workspace.ProjectChangeListener.doVisitDelta(ProjectChangeListener.java:70) ~[na:na]
	at org.eclipse.buildship.core.internal.workspace.ProjectChangeListener.access$000(ProjectChangeListener.java:32) ~[na:na]
	at org.eclipse.buildship.core.internal.workspace.ProjectChangeListener$1.visit(ProjectChangeListener.java:55) ~[na:na]
	at org.eclipse.core.internal.events.ResourceDelta.accept(ResourceDelta.java:67) ~[na:na]
	at org.eclipse.core.internal.events.ResourceDelta.accept(ResourceDelta.java:77) ~[na:na]
	at org.eclipse.core.internal.events.ResourceDelta.accept(ResourceDelta.java:51) ~[na:na]
	at org.eclipse.buildship.core.internal.workspace.ProjectChangeListener.visitDelta(ProjectChangeListener.java:50) ~[na:na]
	at org.eclipse.buildship.core.internal.workspace.ProjectChangeListener.resourceChanged(ProjectChangeListener.java:42) ~[na:na]
	at org.eclipse.core.internal.events.NotificationManager$1.run(NotificationManager.java:305) ~[na:na]
	at org.eclipse.core.runtime.SafeRunner.run(SafeRunner.java:45) ~[org.eclipse.equinox.common_3.10.300.v20190218-2100.jar:na]
	at org.eclipse.core.internal.events.NotificationManager.notify(NotificationManager.java:295) ~[na:na]
	at org.eclipse.core.internal.events.NotificationManager.broadcastChanges(NotificationManager.java:158) ~[na:na]
	at org.eclipse.core.internal.resources.Workspace.broadcastPostChange(Workspace.java:379) ~[na:na]
	at org.eclipse.core.internal.resources.Workspace.checkpoint(Workspace.java:565) ~[na:na]
	at org.eclipse.ltk.core.refactoring.PerformChangeOperation$1.run(PerformChangeOperation.java:265) ~[na:na]
	at org.eclipse.core.internal.resources.Workspace.run(Workspace.java:2295) ~[na:na]
	at org.eclipse.core.internal.resources.Workspace.run(Workspace.java:2322) ~[na:na]
	at org.eclipse.ltk.core.refactoring.PerformChangeOperation.executeChange(PerformChangeOperation.java:308) ~[na:na]
	at org.eclipse.ltk.internal.ui.refactoring.UIPerformChangeOperation.executeChange(UIPerformChangeOperation.java:99) ~[na:na]
	at org.eclipse.ltk.core.refactoring.PerformChangeOperation.run(PerformChangeOperation.java:219) ~[na:na]
	at org.eclipse.core.internal.resources.Workspace.run(Workspace.java:2295) ~[na:na]
	at org.eclipse.core.internal.resources.Workspace.run(Workspace.java:2322) ~[na:na]
	at org.eclipse.ltk.internal.ui.refactoring.WorkbenchRunnableAdapter.run(WorkbenchRunnableAdapter.java:89) ~[na:na]
	at org.eclipse.jface.operation.ModalContext$ModalContextThread.run(ModalContext.java:122) ~[org.eclipse.jface_3.15.100.v20190222-1334.jar:na]
2020-03-19 14:42:37,797 [Worker-0: Loading available Gradle versions] INFO  o.e.b.c.i.u.g.PublishedGradleVersions - Gradle version information cache is up-to-date. Trying to read.
2020-03-21 08:45:10,787 [Worker-2: Loading available Gradle versions] INFO  o.e.b.c.i.u.g.PublishedGradleVersions - Gradle version information cache is up-to-date. Trying to read.
