2020-03-09 10:26:50,782 [Worker-2: Loading available Gradle versions] INFO  o.e.b.c.i.u.g.PublishedGradleVersions - Gradle version information cache is up-to-date. Trying to read.
2020-03-10 10:20:42,551 [Worker-3: Loading available Gradle versions] INFO  o.e.b.c.i.u.g.PublishedGradleVersions - Gradle version information cache is up-to-date. Trying to read.
2020-03-10 18:54:47,174 [Worker-142: Enabling Maven Dependency Management] INFO  o.e.m.c.i.l.LifecycleMappingFactory - Using org.maven.ide.eclipse.wtp.WarLifecycleMapping lifecycle mapping for MavenProject: web:web:0.0.1-SNAPSHOT @ /Users/johyunmin/IoT_TCP_IP_Network/network3/web/pom.xml.
2020-03-10 18:54:48,009 [Worker-142: Enabling Maven Dependency Management] INFO  o.e.m.j.i.AbstractJavaProjectConfigurator - Adding source folder /web/src
2020-03-10 18:54:48,010 [Worker-142: Enabling Maven Dependency Management] INFO  o.e.m.j.i.AbstractJavaProjectConfigurator - Not adding source folder /web/src/test/java because it overlaps with /web/src
2020-03-10 18:54:49,405 [Worker-141: Building Project web] WARN  o.e.m.c.i.embedder.EclipseLogger - Using platform encoding (UTF-8 actually) to copy filtered resources, i.e. build is platform dependent!
2020-03-10 18:54:49,406 [Worker-141: Building Project web] INFO  o.e.m.c.i.embedder.EclipseLogger - skip non existing resourceDirectory /Users/johyunmin/IoT_TCP_IP_Network/network3/web/src/main/resources
2020-03-10 18:54:49,408 [Worker-141: Building Project web] WARN  o.e.m.c.i.embedder.EclipseLogger - Using platform encoding (UTF-8 actually) to copy filtered resources, i.e. build is platform dependent!
2020-03-10 18:54:49,408 [Worker-141: Building Project web] INFO  o.e.m.c.i.embedder.EclipseLogger - skip non existing resourceDirectory /Users/johyunmin/IoT_TCP_IP_Network/network3/web/src/test/resources
2020-03-10 18:54:50,595 [Worker-142: Enabling Maven Dependency Management] INFO  o.e.m.c.i.p.ProjectConfigurationManager - Update started
2020-03-10 18:54:50,806 [Worker-142: Enabling Maven Dependency Management] INFO  o.e.m.c.i.l.LifecycleMappingFactory - Using org.maven.ide.eclipse.wtp.WarLifecycleMapping lifecycle mapping for MavenProject: web:web:0.0.1-SNAPSHOT @ /Users/johyunmin/IoT_TCP_IP_Network/network3/web/pom.xml.
2020-03-10 18:54:51,368 [Worker-142: Enabling Maven Dependency Management] INFO  o.e.m.j.i.AbstractJavaProjectConfigurator - Adding source folder /web/src
2020-03-10 18:54:51,369 [Worker-142: Enabling Maven Dependency Management] INFO  o.e.m.j.i.AbstractJavaProjectConfigurator - Not adding source folder /web/src/test/java because it overlaps with /web/src
2020-03-10 18:54:52,974 [Worker-142: Enabling Maven Dependency Management] INFO  o.e.m.w.i.f.ResourceFilteringBuildParticipant - Cleaning filtered folder for web
2020-03-10 18:54:52,986 [Worker-142: Enabling Maven Dependency Management] INFO  o.e.m.c.i.p.ProjectConfigurationManager - Update completed: 2 sec
2020-03-10 18:54:53,135 [Worker-141: Building workspace] WARN  o.e.m.c.i.embedder.EclipseLogger - Using platform encoding (UTF-8 actually) to copy filtered resources, i.e. build is platform dependent!
2020-03-10 18:54:53,136 [Worker-141: Building workspace] INFO  o.e.m.c.i.embedder.EclipseLogger - skip non existing resourceDirectory /Users/johyunmin/IoT_TCP_IP_Network/network3/web/src/main/resources
2020-03-10 18:54:53,137 [Worker-141: Building workspace] WARN  o.e.m.c.i.embedder.EclipseLogger - Using platform encoding (UTF-8 actually) to copy filtered resources, i.e. build is platform dependent!
2020-03-10 18:54:53,137 [Worker-141: Building workspace] INFO  o.e.m.c.i.embedder.EclipseLogger - skip non existing resourceDirectory /Users/johyunmin/IoT_TCP_IP_Network/network3/web/src/test/resources
2020-03-10 18:54:53,137 [Worker-141: Building workspace] INFO  o.e.m.w.i.f.ResourceFilteringBuildParticipant - Changed resources require a complete clean of filtered resources of web
2020-03-10 18:54:53,138 [Worker-141: Building workspace] INFO  o.e.m.w.i.f.ResourceFilteringBuildParticipant - Executing resource filtering for web
2020-03-10 18:54:53,140 [Worker-141: Building workspace] WARN  o.e.m.c.i.embedder.EclipseLogger - The POM for org.apache.maven.plugins:maven-clean-plugin:jar:2.5 is missing, no dependency information available
2020-03-10 18:54:53,144 [Worker-141: Building workspace] WARN  o.e.m.c.i.embedder.EclipseLogger - Using platform encoding (UTF-8 actually) to copy filtered resources, i.e. build is platform dependent!
2020-03-10 18:56:22,104 [Worker-146: Building workspace] INFO  o.e.m.c.i.l.LifecycleMappingFactory - Using org.maven.ide.eclipse.wtp.WarLifecycleMapping lifecycle mapping for MavenProject: web:web:0.0.1-SNAPSHOT @ /Users/johyunmin/IoT_TCP_IP_Network/network3/web/pom.xml.
2020-03-10 18:56:22,377 [Worker-146: Building workspace] WARN  o.e.m.c.i.embedder.EclipseLogger - Using platform encoding (UTF-8 actually) to copy filtered resources, i.e. build is platform dependent!
2020-03-10 18:56:22,378 [Worker-146: Building workspace] INFO  o.e.m.c.i.embedder.EclipseLogger - skip non existing resourceDirectory /Users/johyunmin/IoT_TCP_IP_Network/network3/web/src/main/resources
2020-03-10 18:56:22,379 [Worker-146: Building workspace] WARN  o.e.m.c.i.embedder.EclipseLogger - Using platform encoding (UTF-8 actually) to copy filtered resources, i.e. build is platform dependent!
2020-03-10 18:56:22,380 [Worker-146: Building workspace] INFO  o.e.m.c.i.embedder.EclipseLogger - skip non existing resourceDirectory /Users/johyunmin/IoT_TCP_IP_Network/network3/web/src/test/resources
2020-03-10 18:56:22,380 [Worker-146: Building workspace] INFO  o.e.m.w.i.f.ResourceFilteringBuildParticipant - Changed resources require a complete clean of filtered resources of web
2020-03-10 18:56:22,380 [Worker-146: Building workspace] INFO  o.e.m.w.i.f.ResourceFilteringBuildParticipant - Executing resource filtering for web
2020-03-10 18:56:22,382 [Worker-146: Building workspace] WARN  o.e.m.c.i.embedder.EclipseLogger - Using platform encoding (UTF-8 actually) to copy filtered resources, i.e. build is platform dependent!
2020-03-10 18:56:31,812 [Worker-146: Building workspace] INFO  o.e.m.c.i.l.LifecycleMappingFactory - Using org.maven.ide.eclipse.wtp.WarLifecycleMapping lifecycle mapping for MavenProject: web:web:0.0.1-SNAPSHOT @ /Users/johyunmin/IoT_TCP_IP_Network/network3/web/pom.xml.
2020-03-10 18:56:32,051 [Worker-146: Building workspace] WARN  o.e.m.c.i.embedder.EclipseLogger - Using platform encoding (UTF-8 actually) to copy filtered resources, i.e. build is platform dependent!
2020-03-10 18:56:32,052 [Worker-146: Building workspace] INFO  o.e.m.c.i.embedder.EclipseLogger - skip non existing resourceDirectory /Users/johyunmin/IoT_TCP_IP_Network/network3/web/src/main/resources
2020-03-10 18:56:32,053 [Worker-146: Building workspace] WARN  o.e.m.c.i.embedder.EclipseLogger - Using platform encoding (UTF-8 actually) to copy filtered resources, i.e. build is platform dependent!
2020-03-10 18:56:32,053 [Worker-146: Building workspace] INFO  o.e.m.c.i.embedder.EclipseLogger - skip non existing resourceDirectory /Users/johyunmin/IoT_TCP_IP_Network/network3/web/src/test/resources
2020-03-10 18:56:32,053 [Worker-146: Building workspace] INFO  o.e.m.w.i.f.ResourceFilteringBuildParticipant - Changed resources require a complete clean of filtered resources of web
2020-03-10 18:56:32,053 [Worker-146: Building workspace] INFO  o.e.m.w.i.f.ResourceFilteringBuildParticipant - Executing resource filtering for web
2020-03-10 18:56:32,056 [Worker-146: Building workspace] WARN  o.e.m.c.i.embedder.EclipseLogger - Using platform encoding (UTF-8 actually) to copy filtered resources, i.e. build is platform dependent!
2020-03-10 18:56:56,776 [Worker-146: Building workspace] INFO  o.e.m.c.i.l.LifecycleMappingFactory - Using org.maven.ide.eclipse.wtp.WarLifecycleMapping lifecycle mapping for MavenProject: web:web:0.0.1-SNAPSHOT @ /Users/johyunmin/IoT_TCP_IP_Network/network3/web/pom.xml.
2020-03-10 18:56:57,009 [Worker-146: Building workspace] WARN  o.e.m.c.i.embedder.EclipseLogger - Using platform encoding (UTF-8 actually) to copy filtered resources, i.e. build is platform dependent!
2020-03-10 18:56:57,009 [Worker-146: Building workspace] INFO  o.e.m.c.i.embedder.EclipseLogger - skip non existing resourceDirectory /Users/johyunmin/IoT_TCP_IP_Network/network3/web/src/main/resources
2020-03-10 18:56:57,010 [Worker-146: Building workspace] WARN  o.e.m.c.i.embedder.EclipseLogger - Using platform encoding (UTF-8 actually) to copy filtered resources, i.e. build is platform dependent!
2020-03-10 18:56:57,010 [Worker-146: Building workspace] INFO  o.e.m.c.i.embedder.EclipseLogger - skip non existing resourceDirectory /Users/johyunmin/IoT_TCP_IP_Network/network3/web/src/test/resources
2020-03-10 18:56:57,011 [Worker-146: Building workspace] INFO  o.e.m.w.i.f.ResourceFilteringBuildParticipant - Changed resources require a complete clean of filtered resources of web
2020-03-10 18:56:57,011 [Worker-146: Building workspace] INFO  o.e.m.w.i.f.ResourceFilteringBuildParticipant - Executing resource filtering for web
2020-03-10 18:56:57,013 [Worker-146: Building workspace] WARN  o.e.m.c.i.embedder.EclipseLogger - Using platform encoding (UTF-8 actually) to copy filtered resources, i.e. build is platform dependent!
2020-03-10 18:58:01,070 [Worker-144: Building workspace] WARN  o.e.m.c.i.embedder.EclipseLogger - Using platform encoding (UTF-8 actually) to copy filtered resources, i.e. build is platform dependent!
2020-03-10 18:58:01,071 [Worker-144: Building workspace] INFO  o.e.m.c.i.embedder.EclipseLogger - skip non existing resourceDirectory /Users/johyunmin/IoT_TCP_IP_Network/network3/web/src/main/resources
2020-03-10 18:58:01,073 [Worker-144: Building workspace] WARN  o.e.m.c.i.embedder.EclipseLogger - Using platform encoding (UTF-8 actually) to copy filtered resources, i.e. build is platform dependent!
2020-03-10 18:58:01,074 [Worker-144: Building workspace] INFO  o.e.m.c.i.embedder.EclipseLogger - skip non existing resourceDirectory /Users/johyunmin/IoT_TCP_IP_Network/network3/web/src/test/resources
2020-03-11 16:34:23,949 [Worker-1: Loading available Gradle versions] INFO  o.e.b.c.i.u.g.PublishedGradleVersions - Gradle version information cache is out-of-date. Trying to update.
2020-03-11 16:34:24,590 [Worker-9: reload maven project] ERROR o.e.m2e.editor.pom.MavenPomEditor - failed to load maven project for org.eclipse.ui.part.FileEditorInput(/web/pom.xml)
org.eclipse.core.runtime.CoreException: Could not read maven project
	at org.eclipse.m2e.core.internal.project.registry.ProjectRegistryManager.readProjectWithDependencies(ProjectRegistryManager.java:798) ~[na:na]
	at org.eclipse.m2e.core.internal.project.registry.ProjectRegistryManager$2.call(ProjectRegistryManager.java:1001) ~[na:na]
	at org.eclipse.m2e.core.internal.project.registry.ProjectRegistryManager$2.call(ProjectRegistryManager.java:1) ~[na:na]
	at com.google.common.cache.LocalCache$LocalManualCache$1.load(LocalCache.java:5065) ~[na:na]
	at com.google.common.cache.LocalCache$LoadingValueReference.loadFuture(LocalCache.java:3716) ~[na:na]
	at com.google.common.cache.LocalCache$Segment.loadSync(LocalCache.java:2424) ~[na:na]
	at com.google.common.cache.LocalCache$Segment.lockedGetOrLoad(LocalCache.java:2298) ~[na:na]
	at com.google.common.cache.LocalCache$Segment.get(LocalCache.java:2211) ~[na:na]
	at com.google.common.cache.LocalCache.get(LocalCache.java:4154) ~[na:na]
	at com.google.common.cache.LocalCache$LocalManualCache.get(LocalCache.java:5060) ~[na:na]
	at org.eclipse.m2e.core.internal.project.registry.ProjectRegistryManager.getMavenProject(ProjectRegistryManager.java:999) ~[na:na]
	at org.eclipse.m2e.core.internal.project.registry.MavenProjectFacade.getMavenProject(MavenProjectFacade.java:242) ~[na:na]
	at org.eclipse.m2e.core.ui.internal.actions.SelectionUtil.getMavenProject(SelectionUtil.java:261) ~[org.eclipse.m2e.core.ui_1.11.0.20190220-2119.jar:na]
	at org.eclipse.m2e.editor.pom.MavenPomEditor.readMavenProject(MavenPomEditor.java:740) ~[na:na]
	at org.eclipse.m2e.editor.pom.MavenPomEditor$5.run(MavenPomEditor.java:1074) ~[na:na]
	at org.eclipse.core.internal.jobs.Worker.run(Worker.java:63) ~[org.eclipse.core.jobs_3.10.300.v20190215-2048.jar:na]
2020-03-12 09:43:52,271 [Worker-97: Enabling Maven Dependency Management] INFO  o.e.m.c.i.l.LifecycleMappingFactory - Using org.maven.ide.eclipse.wtp.WarLifecycleMapping lifecycle mapping for MavenProject: webserver:webserver:0.0.1-SNAPSHOT @ /Users/johyunmin/IoT_TCP_IP_Network/network3/webserver/pom.xml.
2020-03-12 09:43:52,925 [Worker-97: Enabling Maven Dependency Management] INFO  o.e.m.j.i.AbstractJavaProjectConfigurator - Adding source folder /webserver/src
2020-03-12 09:43:52,925 [Worker-97: Enabling Maven Dependency Management] INFO  o.e.m.j.i.AbstractJavaProjectConfigurator - Not adding source folder /webserver/src/test/java because it overlaps with /webserver/src
2020-03-12 09:43:53,194 [Worker-96: Building Project webserver] WARN  o.e.m.c.i.embedder.EclipseLogger - Using platform encoding (UTF-8 actually) to copy filtered resources, i.e. build is platform dependent!
2020-03-12 09:43:53,196 [Worker-96: Building Project webserver] INFO  o.e.m.c.i.embedder.EclipseLogger - skip non existing resourceDirectory /Users/johyunmin/IoT_TCP_IP_Network/network3/webserver/src/main/resources
2020-03-12 09:43:53,197 [Worker-96: Building Project webserver] WARN  o.e.m.c.i.embedder.EclipseLogger - Using platform encoding (UTF-8 actually) to copy filtered resources, i.e. build is platform dependent!
2020-03-12 09:43:53,197 [Worker-96: Building Project webserver] INFO  o.e.m.c.i.embedder.EclipseLogger - skip non existing resourceDirectory /Users/johyunmin/IoT_TCP_IP_Network/network3/webserver/src/test/resources
2020-03-12 09:43:53,301 [Worker-97: Enabling Maven Dependency Management] INFO  o.e.m.c.i.p.ProjectConfigurationManager - Update started
2020-03-12 09:43:53,454 [Worker-97: Enabling Maven Dependency Management] INFO  o.e.m.c.i.l.LifecycleMappingFactory - Using org.maven.ide.eclipse.wtp.WarLifecycleMapping lifecycle mapping for MavenProject: webserver:webserver:0.0.1-SNAPSHOT @ /Users/johyunmin/IoT_TCP_IP_Network/network3/webserver/pom.xml.
2020-03-12 09:43:53,869 [Worker-97: Enabling Maven Dependency Management] INFO  o.e.m.j.i.AbstractJavaProjectConfigurator - Adding source folder /webserver/src
2020-03-12 09:43:53,869 [Worker-97: Enabling Maven Dependency Management] INFO  o.e.m.j.i.AbstractJavaProjectConfigurator - Not adding source folder /webserver/src/test/java because it overlaps with /webserver/src
2020-03-12 09:43:56,279 [Worker-97: Enabling Maven Dependency Management] INFO  o.e.m.w.i.f.ResourceFilteringBuildParticipant - Cleaning filtered folder for webserver
2020-03-12 09:43:56,288 [Worker-97: Enabling Maven Dependency Management] INFO  o.e.m.c.i.p.ProjectConfigurationManager - Update completed: 2 sec
2020-03-12 09:43:57,268 [Worker-104: Building workspace] WARN  o.e.m.c.i.embedder.EclipseLogger - Using platform encoding (UTF-8 actually) to copy filtered resources, i.e. build is platform dependent!
2020-03-12 09:43:57,268 [Worker-104: Building workspace] INFO  o.e.m.c.i.embedder.EclipseLogger - skip non existing resourceDirectory /Users/johyunmin/IoT_TCP_IP_Network/network3/webserver/src/main/resources
2020-03-12 09:43:57,269 [Worker-104: Building workspace] WARN  o.e.m.c.i.embedder.EclipseLogger - Using platform encoding (UTF-8 actually) to copy filtered resources, i.e. build is platform dependent!
2020-03-12 09:43:57,270 [Worker-104: Building workspace] INFO  o.e.m.c.i.embedder.EclipseLogger - skip non existing resourceDirectory /Users/johyunmin/IoT_TCP_IP_Network/network3/webserver/src/test/resources
2020-03-12 09:43:57,270 [Worker-104: Building workspace] INFO  o.e.m.w.i.f.ResourceFilteringBuildParticipant - Changed resources require a complete clean of filtered resources of webserver
2020-03-12 09:43:57,270 [Worker-104: Building workspace] INFO  o.e.m.w.i.f.ResourceFilteringBuildParticipant - Executing resource filtering for webserver
2020-03-12 09:43:57,288 [Worker-104: Building workspace] WARN  o.e.m.c.i.embedder.EclipseLogger - The POM for org.apache.maven.plugins:maven-clean-plugin:jar:2.5 is missing, no dependency information available
2020-03-12 09:43:57,293 [Worker-104: Building workspace] WARN  o.e.m.c.i.embedder.EclipseLogger - Using platform encoding (UTF-8 actually) to copy filtered resources, i.e. build is platform dependent!
2020-03-12 09:44:27,521 [Worker-104: Building workspace] WARN  o.e.m.c.i.embedder.EclipseLogger - Using platform encoding (UTF-8 actually) to copy filtered resources, i.e. build is platform dependent!
2020-03-12 09:44:27,521 [Worker-104: Building workspace] INFO  o.e.m.c.i.embedder.EclipseLogger - skip non existing resourceDirectory /Users/johyunmin/IoT_TCP_IP_Network/network3/webserver/src/main/resources
2020-03-12 09:44:27,522 [Worker-104: Building workspace] WARN  o.e.m.c.i.embedder.EclipseLogger - Using platform encoding (UTF-8 actually) to copy filtered resources, i.e. build is platform dependent!
2020-03-12 09:44:27,522 [Worker-104: Building workspace] INFO  o.e.m.c.i.embedder.EclipseLogger - skip non existing resourceDirectory /Users/johyunmin/IoT_TCP_IP_Network/network3/webserver/src/test/resources
2020-03-12 09:44:51,930 [Worker-96: Building workspace] WARN  o.e.m.c.i.embedder.EclipseLogger - Using platform encoding (UTF-8 actually) to copy filtered resources, i.e. build is platform dependent!
2020-03-12 09:44:51,930 [Worker-96: Building workspace] INFO  o.e.m.c.i.embedder.EclipseLogger - skip non existing resourceDirectory /Users/johyunmin/IoT_TCP_IP_Network/network3/webserver/src/main/resources
2020-03-12 09:44:51,931 [Worker-96: Building workspace] WARN  o.e.m.c.i.embedder.EclipseLogger - Using platform encoding (UTF-8 actually) to copy filtered resources, i.e. build is platform dependent!
2020-03-12 09:44:51,931 [Worker-96: Building workspace] INFO  o.e.m.c.i.embedder.EclipseLogger - skip non existing resourceDirectory /Users/johyunmin/IoT_TCP_IP_Network/network3/webserver/src/test/resources
2020-03-12 09:46:06,666 [Worker-98: Building workspace] INFO  o.e.m.c.i.l.LifecycleMappingFactory - Using org.maven.ide.eclipse.wtp.WarLifecycleMapping lifecycle mapping for MavenProject: sp365:sp365:0.0.1-SNAPSHOT @ /Users/johyunmin/IoT_TCP_IP_Network/network3/webserver/pom.xml.
2020-03-12 09:46:07,171 [Worker-98: Building workspace] WARN  o.e.m.c.i.embedder.EclipseLogger - Using platform encoding (UTF-8 actually) to copy filtered resources, i.e. build is platform dependent!
2020-03-12 09:46:07,172 [Worker-98: Building workspace] INFO  o.e.m.c.i.embedder.EclipseLogger - skip non existing resourceDirectory /Users/johyunmin/IoT_TCP_IP_Network/network3/webserver/src/main/resources
2020-03-12 09:46:07,173 [Worker-98: Building workspace] WARN  o.e.m.c.i.embedder.EclipseLogger - Using platform encoding (UTF-8 actually) to copy filtered resources, i.e. build is platform dependent!
2020-03-12 09:46:07,173 [Worker-98: Building workspace] INFO  o.e.m.c.i.embedder.EclipseLogger - skip non existing resourceDirectory /Users/johyunmin/IoT_TCP_IP_Network/network3/webserver/src/test/resources
2020-03-12 09:46:07,173 [Worker-98: Building workspace] INFO  o.e.m.w.i.f.ResourceFilteringBuildParticipant - Changed resources require a complete clean of filtered resources of webserver
2020-03-12 09:46:07,173 [Worker-98: Building workspace] INFO  o.e.m.w.i.f.ResourceFilteringBuildParticipant - Executing resource filtering for webserver
2020-03-12 09:46:07,176 [Worker-98: Building workspace] WARN  o.e.m.c.i.embedder.EclipseLogger - Using platform encoding (UTF-8 actually) to copy filtered resources, i.e. build is platform dependent!
2020-03-12 09:46:07,455 [Worker-99: Building workspace] WARN  o.e.m.c.i.embedder.EclipseLogger - Using platform encoding (UTF-8 actually) to copy filtered resources, i.e. build is platform dependent!
2020-03-12 09:46:07,456 [Worker-99: Building workspace] INFO  o.e.m.c.i.embedder.EclipseLogger - skip non existing resourceDirectory /Users/johyunmin/IoT_TCP_IP_Network/network3/webserver/src/main/resources
2020-03-12 09:46:07,456 [Worker-99: Building workspace] WARN  o.e.m.c.i.embedder.EclipseLogger - Using platform encoding (UTF-8 actually) to copy filtered resources, i.e. build is platform dependent!
2020-03-12 09:46:07,457 [Worker-99: Building workspace] INFO  o.e.m.c.i.embedder.EclipseLogger - skip non existing resourceDirectory /Users/johyunmin/IoT_TCP_IP_Network/network3/webserver/src/test/resources
2020-03-12 09:46:57,417 [Worker-105: Building workspace] INFO  o.e.m.c.i.l.LifecycleMappingFactory - Using org.maven.ide.eclipse.wtp.WarLifecycleMapping lifecycle mapping for MavenProject: webserver:sp365:0.0.1-SNAPSHOT @ /Users/johyunmin/IoT_TCP_IP_Network/network3/webserver/pom.xml.
2020-03-12 09:46:57,867 [Worker-105: Building workspace] WARN  o.e.m.c.i.embedder.EclipseLogger - Using platform encoding (UTF-8 actually) to copy filtered resources, i.e. build is platform dependent!
2020-03-12 09:46:57,868 [Worker-105: Building workspace] INFO  o.e.m.c.i.embedder.EclipseLogger - skip non existing resourceDirectory /Users/johyunmin/IoT_TCP_IP_Network/network3/webserver/src/main/resources
2020-03-12 09:46:57,869 [Worker-105: Building workspace] WARN  o.e.m.c.i.embedder.EclipseLogger - Using platform encoding (UTF-8 actually) to copy filtered resources, i.e. build is platform dependent!
2020-03-12 09:46:57,870 [Worker-105: Building workspace] INFO  o.e.m.c.i.embedder.EclipseLogger - skip non existing resourceDirectory /Users/johyunmin/IoT_TCP_IP_Network/network3/webserver/src/test/resources
2020-03-12 09:46:57,870 [Worker-105: Building workspace] INFO  o.e.m.w.i.f.ResourceFilteringBuildParticipant - Changed resources require a complete clean of filtered resources of webserver
2020-03-12 09:46:57,870 [Worker-105: Building workspace] INFO  o.e.m.w.i.f.ResourceFilteringBuildParticipant - Executing resource filtering for webserver
2020-03-12 09:46:57,872 [Worker-105: Building workspace] WARN  o.e.m.c.i.embedder.EclipseLogger - Using platform encoding (UTF-8 actually) to copy filtered resources, i.e. build is platform dependent!
2020-03-12 09:47:00,571 [Worker-103: Building workspace] INFO  o.e.m.c.i.l.LifecycleMappingFactory - Using org.maven.ide.eclipse.wtp.WarLifecycleMapping lifecycle mapping for MavenProject: webserver:webserver:0.0.1-SNAPSHOT @ /Users/johyunmin/IoT_TCP_IP_Network/network3/webserver/pom.xml.
2020-03-12 09:47:01,005 [Worker-103: Building workspace] WARN  o.e.m.c.i.embedder.EclipseLogger - Using platform encoding (UTF-8 actually) to copy filtered resources, i.e. build is platform dependent!
2020-03-12 09:47:01,005 [Worker-103: Building workspace] INFO  o.e.m.c.i.embedder.EclipseLogger - skip non existing resourceDirectory /Users/johyunmin/IoT_TCP_IP_Network/network3/webserver/src/main/resources
2020-03-12 09:47:01,006 [Worker-103: Building workspace] WARN  o.e.m.c.i.embedder.EclipseLogger - Using platform encoding (UTF-8 actually) to copy filtered resources, i.e. build is platform dependent!
2020-03-12 09:47:01,007 [Worker-103: Building workspace] INFO  o.e.m.c.i.embedder.EclipseLogger - skip non existing resourceDirectory /Users/johyunmin/IoT_TCP_IP_Network/network3/webserver/src/test/resources
2020-03-12 09:47:01,008 [Worker-103: Building workspace] INFO  o.e.m.w.i.f.ResourceFilteringBuildParticipant - Changed resources require a complete clean of filtered resources of webserver
2020-03-12 09:47:01,008 [Worker-103: Building workspace] INFO  o.e.m.w.i.f.ResourceFilteringBuildParticipant - Executing resource filtering for webserver
2020-03-12 09:47:01,010 [Worker-103: Building workspace] WARN  o.e.m.c.i.embedder.EclipseLogger - Using platform encoding (UTF-8 actually) to copy filtered resources, i.e. build is platform dependent!
2020-03-12 09:47:12,138 [Worker-98: Cleaning all projects] INFO  o.e.m.w.i.f.ResourceFilteringBuildParticipant - Cleaning filtered folder for webserver
2020-03-12 09:47:12,572 [Worker-98: Building workspace] WARN  o.e.m.c.i.embedder.EclipseLogger - Using platform encoding (UTF-8 actually) to copy filtered resources, i.e. build is platform dependent!
2020-03-12 09:47:12,572 [Worker-98: Building workspace] INFO  o.e.m.c.i.embedder.EclipseLogger - skip non existing resourceDirectory /Users/johyunmin/IoT_TCP_IP_Network/network3/webserver/src/main/resources
2020-03-12 09:47:12,573 [Worker-98: Building workspace] WARN  o.e.m.c.i.embedder.EclipseLogger - Using platform encoding (UTF-8 actually) to copy filtered resources, i.e. build is platform dependent!
2020-03-12 09:47:12,573 [Worker-98: Building workspace] INFO  o.e.m.c.i.embedder.EclipseLogger - skip non existing resourceDirectory /Users/johyunmin/IoT_TCP_IP_Network/network3/webserver/src/test/resources
2020-03-12 09:47:12,574 [Worker-98: Building workspace] INFO  o.e.m.w.i.f.ResourceFilteringBuildParticipant - Changed resources require a complete clean of filtered resources of webserver
2020-03-12 09:47:12,574 [Worker-98: Building workspace] INFO  o.e.m.w.i.f.ResourceFilteringBuildParticipant - Executing resource filtering for webserver
2020-03-12 09:47:12,576 [Worker-98: Building workspace] WARN  o.e.m.c.i.embedder.EclipseLogger - Using platform encoding (UTF-8 actually) to copy filtered resources, i.e. build is platform dependent!
2020-03-12 09:49:39,669 [Worker-105: Enabling Maven Dependency Management] INFO  o.e.m.c.i.l.LifecycleMappingFactory - Using org.maven.ide.eclipse.wtp.WarLifecycleMapping lifecycle mapping for MavenProject: webspringserver:webspringserver:0.0.1-SNAPSHOT @ /Users/johyunmin/IoT_TCP_IP_Network/network3/webspringserver/pom.xml.
2020-03-12 09:49:40,087 [Worker-105: Enabling Maven Dependency Management] INFO  o.e.m.j.i.AbstractJavaProjectConfigurator - Adding source folder /webspringserver/src
2020-03-12 09:49:40,087 [Worker-105: Enabling Maven Dependency Management] INFO  o.e.m.j.i.AbstractJavaProjectConfigurator - Not adding source folder /webspringserver/src/test/java because it overlaps with /webspringserver/src
2020-03-12 09:49:40,280 [Worker-97: Building Project webspringserver] WARN  o.e.m.c.i.embedder.EclipseLogger - Using platform encoding (UTF-8 actually) to copy filtered resources, i.e. build is platform dependent!
2020-03-12 09:49:40,281 [Worker-97: Building Project webspringserver] INFO  o.e.m.c.i.embedder.EclipseLogger - skip non existing resourceDirectory /Users/johyunmin/IoT_TCP_IP_Network/network3/webspringserver/src/main/resources
2020-03-12 09:49:40,282 [Worker-97: Building Project webspringserver] WARN  o.e.m.c.i.embedder.EclipseLogger - Using platform encoding (UTF-8 actually) to copy filtered resources, i.e. build is platform dependent!
2020-03-12 09:49:40,282 [Worker-97: Building Project webspringserver] INFO  o.e.m.c.i.embedder.EclipseLogger - skip non existing resourceDirectory /Users/johyunmin/IoT_TCP_IP_Network/network3/webspringserver/src/test/resources
2020-03-12 09:49:40,390 [Worker-105: Enabling Maven Dependency Management] INFO  o.e.m.c.i.p.ProjectConfigurationManager - Update started
2020-03-12 09:49:40,509 [Worker-105: Enabling Maven Dependency Management] INFO  o.e.m.c.i.l.LifecycleMappingFactory - Using org.maven.ide.eclipse.wtp.WarLifecycleMapping lifecycle mapping for MavenProject: webspringserver:webspringserver:0.0.1-SNAPSHOT @ /Users/johyunmin/IoT_TCP_IP_Network/network3/webspringserver/pom.xml.
2020-03-12 09:49:40,832 [Worker-105: Enabling Maven Dependency Management] INFO  o.e.m.j.i.AbstractJavaProjectConfigurator - Adding source folder /webspringserver/src
2020-03-12 09:49:40,832 [Worker-105: Enabling Maven Dependency Management] INFO  o.e.m.j.i.AbstractJavaProjectConfigurator - Not adding source folder /webspringserver/src/test/java because it overlaps with /webspringserver/src
2020-03-12 09:49:43,496 [Worker-105: Enabling Maven Dependency Management] INFO  o.e.m.w.i.f.ResourceFilteringBuildParticipant - Cleaning filtered folder for webspringserver
2020-03-12 09:49:43,501 [Worker-105: Enabling Maven Dependency Management] INFO  o.e.m.c.i.p.ProjectConfigurationManager - Update completed: 3 sec
2020-03-12 09:49:43,668 [Worker-102: Building workspace] WARN  o.e.m.c.i.embedder.EclipseLogger - Using platform encoding (UTF-8 actually) to copy filtered resources, i.e. build is platform dependent!
2020-03-12 09:49:43,669 [Worker-102: Building workspace] INFO  o.e.m.c.i.embedder.EclipseLogger - skip non existing resourceDirectory /Users/johyunmin/IoT_TCP_IP_Network/network3/webspringserver/src/main/resources
2020-03-12 09:49:43,670 [Worker-102: Building workspace] WARN  o.e.m.c.i.embedder.EclipseLogger - Using platform encoding (UTF-8 actually) to copy filtered resources, i.e. build is platform dependent!
2020-03-12 09:49:43,670 [Worker-102: Building workspace] INFO  o.e.m.c.i.embedder.EclipseLogger - skip non existing resourceDirectory /Users/johyunmin/IoT_TCP_IP_Network/network3/webspringserver/src/test/resources
2020-03-12 09:49:43,670 [Worker-102: Building workspace] INFO  o.e.m.w.i.f.ResourceFilteringBuildParticipant - Changed resources require a complete clean of filtered resources of webspringserver
2020-03-12 09:49:43,670 [Worker-102: Building workspace] INFO  o.e.m.w.i.f.ResourceFilteringBuildParticipant - Executing resource filtering for webspringserver
2020-03-12 09:49:43,672 [Worker-102: Building workspace] WARN  o.e.m.c.i.embedder.EclipseLogger - Using platform encoding (UTF-8 actually) to copy filtered resources, i.e. build is platform dependent!
2020-03-12 09:49:45,434 [Worker-108: Cleaning all projects] INFO  o.e.m.w.i.f.ResourceFilteringBuildParticipant - Cleaning filtered folder for webserver
2020-03-12 09:49:45,437 [Worker-108: Cleaning all projects] INFO  o.e.m.w.i.f.ResourceFilteringBuildParticipant - Cleaning filtered folder for webspringserver
2020-03-12 09:49:45,947 [Worker-108: Building workspace] WARN  o.e.m.c.i.embedder.EclipseLogger - Using platform encoding (UTF-8 actually) to copy filtered resources, i.e. build is platform dependent!
2020-03-12 09:49:45,947 [Worker-108: Building workspace] INFO  o.e.m.c.i.embedder.EclipseLogger - skip non existing resourceDirectory /Users/johyunmin/IoT_TCP_IP_Network/network3/webserver/src/main/resources
2020-03-12 09:49:45,948 [Worker-108: Building workspace] WARN  o.e.m.c.i.embedder.EclipseLogger - Using platform encoding (UTF-8 actually) to copy filtered resources, i.e. build is platform dependent!
2020-03-12 09:49:45,948 [Worker-108: Building workspace] INFO  o.e.m.c.i.embedder.EclipseLogger - skip non existing resourceDirectory /Users/johyunmin/IoT_TCP_IP_Network/network3/webserver/src/test/resources
2020-03-12 09:49:45,948 [Worker-108: Building workspace] INFO  o.e.m.w.i.f.ResourceFilteringBuildParticipant - Changed resources require a complete clean of filtered resources of webserver
2020-03-12 09:49:45,948 [Worker-108: Building workspace] INFO  o.e.m.w.i.f.ResourceFilteringBuildParticipant - Executing resource filtering for webserver
2020-03-12 09:49:45,950 [Worker-108: Building workspace] WARN  o.e.m.c.i.embedder.EclipseLogger - Using platform encoding (UTF-8 actually) to copy filtered resources, i.e. build is platform dependent!
2020-03-12 09:49:45,963 [Worker-108: Building workspace] WARN  o.e.m.c.i.embedder.EclipseLogger - Using platform encoding (UTF-8 actually) to copy filtered resources, i.e. build is platform dependent!
2020-03-12 09:49:45,963 [Worker-108: Building workspace] INFO  o.e.m.c.i.embedder.EclipseLogger - skip non existing resourceDirectory /Users/johyunmin/IoT_TCP_IP_Network/network3/webspringserver/src/main/resources
2020-03-12 09:49:45,964 [Worker-108: Building workspace] WARN  o.e.m.c.i.embedder.EclipseLogger - Using platform encoding (UTF-8 actually) to copy filtered resources, i.e. build is platform dependent!
2020-03-12 09:49:45,964 [Worker-108: Building workspace] INFO  o.e.m.c.i.embedder.EclipseLogger - skip non existing resourceDirectory /Users/johyunmin/IoT_TCP_IP_Network/network3/webspringserver/src/test/resources
2020-03-12 09:49:45,964 [Worker-108: Building workspace] INFO  o.e.m.w.i.f.ResourceFilteringBuildParticipant - Changed resources require a complete clean of filtered resources of webspringserver
2020-03-12 09:49:45,965 [Worker-108: Building workspace] INFO  o.e.m.w.i.f.ResourceFilteringBuildParticipant - Executing resource filtering for webspringserver
2020-03-12 09:49:45,967 [Worker-108: Building workspace] WARN  o.e.m.c.i.embedder.EclipseLogger - Using platform encoding (UTF-8 actually) to copy filtered resources, i.e. build is platform dependent!
2020-03-12 09:50:21,344 [Worker-97: Building workspace] INFO  o.e.m.c.i.l.LifecycleMappingFactory - Using org.maven.ide.eclipse.wtp.WarLifecycleMapping lifecycle mapping for MavenProject: webspringserver:webspringserver:0.0.1-SNAPSHOT @ /Users/johyunmin/IoT_TCP_IP_Network/network3/webspringserver/pom.xml.
2020-03-12 09:50:21,665 [Worker-97: Building workspace] WARN  o.e.m.c.i.embedder.EclipseLogger - Using platform encoding (UTF-8 actually) to copy filtered resources, i.e. build is platform dependent!
2020-03-12 09:50:21,666 [Worker-97: Building workspace] INFO  o.e.m.c.i.embedder.EclipseLogger - skip non existing resourceDirectory /Users/johyunmin/IoT_TCP_IP_Network/network3/webspringserver/src/main/resources
2020-03-12 09:50:21,667 [Worker-97: Building workspace] WARN  o.e.m.c.i.embedder.EclipseLogger - Using platform encoding (UTF-8 actually) to copy filtered resources, i.e. build is platform dependent!
2020-03-12 09:50:21,667 [Worker-97: Building workspace] INFO  o.e.m.c.i.embedder.EclipseLogger - skip non existing resourceDirectory /Users/johyunmin/IoT_TCP_IP_Network/network3/webspringserver/src/test/resources
2020-03-12 09:50:21,667 [Worker-97: Building workspace] INFO  o.e.m.w.i.f.ResourceFilteringBuildParticipant - Changed resources require a complete clean of filtered resources of webspringserver
2020-03-12 09:50:21,667 [Worker-97: Building workspace] INFO  o.e.m.w.i.f.ResourceFilteringBuildParticipant - Executing resource filtering for webspringserver
2020-03-12 09:50:21,669 [Worker-97: Building workspace] WARN  o.e.m.c.i.embedder.EclipseLogger - Using platform encoding (UTF-8 actually) to copy filtered resources, i.e. build is platform dependent!
2020-03-12 09:50:29,077 [Worker-105: Building workspace] INFO  o.e.m.c.i.l.LifecycleMappingFactory - Using org.maven.ide.eclipse.wtp.WarLifecycleMapping lifecycle mapping for MavenProject: webspringserver:webspringserver:0.0.1-SNAPSHOT @ /Users/johyunmin/IoT_TCP_IP_Network/network3/webspringserver/pom.xml.
2020-03-12 09:50:29,498 [Worker-105: Building workspace] WARN  o.e.m.c.i.embedder.EclipseLogger - Using platform encoding (UTF-8 actually) to copy filtered resources, i.e. build is platform dependent!
2020-03-12 09:50:29,498 [Worker-105: Building workspace] INFO  o.e.m.c.i.embedder.EclipseLogger - skip non existing resourceDirectory /Users/johyunmin/IoT_TCP_IP_Network/network3/webspringserver/src/main/resources
2020-03-12 09:50:29,499 [Worker-105: Building workspace] WARN  o.e.m.c.i.embedder.EclipseLogger - Using platform encoding (UTF-8 actually) to copy filtered resources, i.e. build is platform dependent!
2020-03-12 09:50:29,499 [Worker-105: Building workspace] INFO  o.e.m.c.i.embedder.EclipseLogger - skip non existing resourceDirectory /Users/johyunmin/IoT_TCP_IP_Network/network3/webspringserver/src/test/resources
2020-03-12 09:50:29,499 [Worker-105: Building workspace] INFO  o.e.m.w.i.f.ResourceFilteringBuildParticipant - Changed resources require a complete clean of filtered resources of webspringserver
2020-03-12 09:50:29,500 [Worker-105: Building workspace] INFO  o.e.m.w.i.f.ResourceFilteringBuildParticipant - Executing resource filtering for webspringserver
2020-03-12 09:50:29,501 [Worker-105: Building workspace] WARN  o.e.m.c.i.embedder.EclipseLogger - Using platform encoding (UTF-8 actually) to copy filtered resources, i.e. build is platform dependent!
2020-03-12 09:50:43,313 [Worker-97: Building workspace] WARN  o.e.m.c.i.embedder.EclipseLogger - Using platform encoding (UTF-8 actually) to copy filtered resources, i.e. build is platform dependent!
2020-03-12 09:50:43,314 [Worker-97: Building workspace] INFO  o.e.m.c.i.embedder.EclipseLogger - skip non existing resourceDirectory /Users/johyunmin/IoT_TCP_IP_Network/network3/webserver/src/main/resources
2020-03-12 09:50:43,315 [Worker-97: Building workspace] WARN  o.e.m.c.i.embedder.EclipseLogger - Using platform encoding (UTF-8 actually) to copy filtered resources, i.e. build is platform dependent!
2020-03-12 09:50:43,316 [Worker-97: Building workspace] INFO  o.e.m.c.i.embedder.EclipseLogger - skip non existing resourceDirectory /Users/johyunmin/IoT_TCP_IP_Network/network3/webserver/src/test/resources
2020-03-12 09:51:47,344 [Worker-108: Cleaning all projects] INFO  o.e.m.w.i.f.ResourceFilteringBuildParticipant - Cleaning filtered folder for webspringserver
2020-03-12 09:51:47,672 [Worker-97: Building workspace] WARN  o.e.m.c.i.embedder.EclipseLogger - Using platform encoding (UTF-8 actually) to copy filtered resources, i.e. build is platform dependent!
2020-03-12 09:51:47,673 [Worker-97: Building workspace] INFO  o.e.m.c.i.embedder.EclipseLogger - skip non existing resourceDirectory /Users/johyunmin/IoT_TCP_IP_Network/network3/webspringserver/src/main/resources
2020-03-12 09:51:47,674 [Worker-97: Building workspace] WARN  o.e.m.c.i.embedder.EclipseLogger - Using platform encoding (UTF-8 actually) to copy filtered resources, i.e. build is platform dependent!
2020-03-12 09:51:47,674 [Worker-97: Building workspace] INFO  o.e.m.c.i.embedder.EclipseLogger - skip non existing resourceDirectory /Users/johyunmin/IoT_TCP_IP_Network/network3/webspringserver/src/test/resources
2020-03-12 09:51:47,675 [Worker-97: Building workspace] INFO  o.e.m.w.i.f.ResourceFilteringBuildParticipant - Changed resources require a complete clean of filtered resources of webspringserver
2020-03-12 09:51:47,675 [Worker-97: Building workspace] INFO  o.e.m.w.i.f.ResourceFilteringBuildParticipant - Executing resource filtering for webspringserver
2020-03-12 09:51:47,679 [Worker-97: Building workspace] WARN  o.e.m.c.i.embedder.EclipseLogger - Using platform encoding (UTF-8 actually) to copy filtered resources, i.e. build is platform dependent!
2020-03-12 09:54:42,316 [Worker-96: Building workspace] WARN  o.e.m.c.i.embedder.EclipseLogger - Using platform encoding (UTF-8 actually) to copy filtered resources, i.e. build is platform dependent!
2020-03-12 09:54:42,317 [Worker-96: Building workspace] INFO  o.e.m.c.i.embedder.EclipseLogger - skip non existing resourceDirectory /Users/johyunmin/IoT_TCP_IP_Network/network3/webspringserver/src/main/resources
2020-03-12 09:54:42,318 [Worker-96: Building workspace] WARN  o.e.m.c.i.embedder.EclipseLogger - Using platform encoding (UTF-8 actually) to copy filtered resources, i.e. build is platform dependent!
2020-03-12 09:54:42,318 [Worker-96: Building workspace] INFO  o.e.m.c.i.embedder.EclipseLogger - skip non existing resourceDirectory /Users/johyunmin/IoT_TCP_IP_Network/network3/webspringserver/src/test/resources
2020-03-12 09:54:58,832 [Worker-97: Building workspace] WARN  o.e.m.c.i.embedder.EclipseLogger - Using platform encoding (UTF-8 actually) to copy filtered resources, i.e. build is platform dependent!
2020-03-12 09:54:58,833 [Worker-97: Building workspace] INFO  o.e.m.c.i.embedder.EclipseLogger - skip non existing resourceDirectory /Users/johyunmin/IoT_TCP_IP_Network/network3/webspringserver/src/main/resources
2020-03-12 09:54:58,834 [Worker-97: Building workspace] WARN  o.e.m.c.i.embedder.EclipseLogger - Using platform encoding (UTF-8 actually) to copy filtered resources, i.e. build is platform dependent!
2020-03-12 09:54:58,834 [Worker-97: Building workspace] INFO  o.e.m.c.i.embedder.EclipseLogger - skip non existing resourceDirectory /Users/johyunmin/IoT_TCP_IP_Network/network3/webspringserver/src/test/resources
2020-03-12 09:55:16,909 [Worker-104: Building workspace] WARN  o.e.m.c.i.embedder.EclipseLogger - Using platform encoding (UTF-8 actually) to copy filtered resources, i.e. build is platform dependent!
2020-03-12 09:55:16,911 [Worker-104: Building workspace] INFO  o.e.m.c.i.embedder.EclipseLogger - skip non existing resourceDirectory /Users/johyunmin/IoT_TCP_IP_Network/network3/webspringserver/src/main/resources
2020-03-12 09:55:16,911 [Worker-104: Building workspace] WARN  o.e.m.c.i.embedder.EclipseLogger - Using platform encoding (UTF-8 actually) to copy filtered resources, i.e. build is platform dependent!
2020-03-12 09:55:16,911 [Worker-104: Building workspace] INFO  o.e.m.c.i.embedder.EclipseLogger - skip non existing resourceDirectory /Users/johyunmin/IoT_TCP_IP_Network/network3/webspringserver/src/test/resources
2020-03-12 09:55:21,297 [Worker-96: Building workspace] WARN  o.e.m.c.i.embedder.EclipseLogger - Using platform encoding (UTF-8 actually) to copy filtered resources, i.e. build is platform dependent!
2020-03-12 09:55:21,298 [Worker-96: Building workspace] INFO  o.e.m.c.i.embedder.EclipseLogger - skip non existing resourceDirectory /Users/johyunmin/IoT_TCP_IP_Network/network3/webspringserver/src/main/resources
2020-03-12 09:55:21,301 [Worker-96: Building workspace] WARN  o.e.m.c.i.embedder.EclipseLogger - Using platform encoding (UTF-8 actually) to copy filtered resources, i.e. build is platform dependent!
2020-03-12 09:55:21,302 [Worker-96: Building workspace] INFO  o.e.m.c.i.embedder.EclipseLogger - skip non existing resourceDirectory /Users/johyunmin/IoT_TCP_IP_Network/network3/webspringserver/src/test/resources
2020-03-12 09:55:38,054 [Worker-109: Building workspace] WARN  o.e.m.c.i.embedder.EclipseLogger - Using platform encoding (UTF-8 actually) to copy filtered resources, i.e. build is platform dependent!
2020-03-12 09:55:38,055 [Worker-109: Building workspace] INFO  o.e.m.c.i.embedder.EclipseLogger - skip non existing resourceDirectory /Users/johyunmin/IoT_TCP_IP_Network/network3/webspringserver/src/main/resources
2020-03-12 09:55:38,056 [Worker-109: Building workspace] WARN  o.e.m.c.i.embedder.EclipseLogger - Using platform encoding (UTF-8 actually) to copy filtered resources, i.e. build is platform dependent!
2020-03-12 09:55:38,056 [Worker-109: Building workspace] INFO  o.e.m.c.i.embedder.EclipseLogger - skip non existing resourceDirectory /Users/johyunmin/IoT_TCP_IP_Network/network3/webspringserver/src/test/resources
2020-03-12 09:55:44,581 [Worker-99: Building workspace] WARN  o.e.m.c.i.embedder.EclipseLogger - Using platform encoding (UTF-8 actually) to copy filtered resources, i.e. build is platform dependent!
2020-03-12 09:55:44,582 [Worker-99: Building workspace] INFO  o.e.m.c.i.embedder.EclipseLogger - skip non existing resourceDirectory /Users/johyunmin/IoT_TCP_IP_Network/network3/webspringserver/src/main/resources
2020-03-12 09:55:44,582 [Worker-99: Building workspace] WARN  o.e.m.c.i.embedder.EclipseLogger - Using platform encoding (UTF-8 actually) to copy filtered resources, i.e. build is platform dependent!
2020-03-12 09:55:44,583 [Worker-99: Building workspace] INFO  o.e.m.c.i.embedder.EclipseLogger - skip non existing resourceDirectory /Users/johyunmin/IoT_TCP_IP_Network/network3/webspringserver/src/test/resources
2020-03-12 09:56:43,811 [Worker-107: Building workspace] WARN  o.e.m.c.i.embedder.EclipseLogger - Using platform encoding (UTF-8 actually) to copy filtered resources, i.e. build is platform dependent!
2020-03-12 09:56:43,812 [Worker-107: Building workspace] INFO  o.e.m.c.i.embedder.EclipseLogger - skip non existing resourceDirectory /Users/johyunmin/IoT_TCP_IP_Network/network3/webspringserver/src/main/resources
2020-03-12 09:56:43,813 [Worker-107: Building workspace] WARN  o.e.m.c.i.embedder.EclipseLogger - Using platform encoding (UTF-8 actually) to copy filtered resources, i.e. build is platform dependent!
2020-03-12 09:56:43,813 [Worker-107: Building workspace] INFO  o.e.m.c.i.embedder.EclipseLogger - skip non existing resourceDirectory /Users/johyunmin/IoT_TCP_IP_Network/network3/webspringserver/src/test/resources
2020-03-12 09:57:03,483 [Worker-109: Building workspace] WARN  o.e.m.c.i.embedder.EclipseLogger - Using platform encoding (UTF-8 actually) to copy filtered resources, i.e. build is platform dependent!
2020-03-12 09:57:03,484 [Worker-109: Building workspace] INFO  o.e.m.c.i.embedder.EclipseLogger - skip non existing resourceDirectory /Users/johyunmin/IoT_TCP_IP_Network/network3/webspringserver/src/main/resources
2020-03-12 09:57:03,485 [Worker-109: Building workspace] WARN  o.e.m.c.i.embedder.EclipseLogger - Using platform encoding (UTF-8 actually) to copy filtered resources, i.e. build is platform dependent!
2020-03-12 09:57:03,485 [Worker-109: Building workspace] INFO  o.e.m.c.i.embedder.EclipseLogger - skip non existing resourceDirectory /Users/johyunmin/IoT_TCP_IP_Network/network3/webspringserver/src/test/resources
2020-03-12 09:58:38,839 [Worker-108: Building workspace] WARN  o.e.m.c.i.embedder.EclipseLogger - Using platform encoding (UTF-8 actually) to copy filtered resources, i.e. build is platform dependent!
2020-03-12 09:58:38,841 [Worker-108: Building workspace] INFO  o.e.m.c.i.embedder.EclipseLogger - skip non existing resourceDirectory /Users/johyunmin/IoT_TCP_IP_Network/network3/webspringserver/src/main/resources
2020-03-12 09:58:38,842 [Worker-108: Building workspace] WARN  o.e.m.c.i.embedder.EclipseLogger - Using platform encoding (UTF-8 actually) to copy filtered resources, i.e. build is platform dependent!
2020-03-12 09:58:38,842 [Worker-108: Building workspace] INFO  o.e.m.c.i.embedder.EclipseLogger - skip non existing resourceDirectory /Users/johyunmin/IoT_TCP_IP_Network/network3/webspringserver/src/test/resources
2020-03-12 09:58:42,720 [Worker-99: Building workspace] WARN  o.e.m.c.i.embedder.EclipseLogger - Using platform encoding (UTF-8 actually) to copy filtered resources, i.e. build is platform dependent!
2020-03-12 09:58:42,721 [Worker-99: Building workspace] INFO  o.e.m.c.i.embedder.EclipseLogger - skip non existing resourceDirectory /Users/johyunmin/IoT_TCP_IP_Network/network3/webspringserver/src/main/resources
2020-03-12 09:58:42,722 [Worker-99: Building workspace] WARN  o.e.m.c.i.embedder.EclipseLogger - Using platform encoding (UTF-8 actually) to copy filtered resources, i.e. build is platform dependent!
2020-03-12 09:58:42,722 [Worker-99: Building workspace] INFO  o.e.m.c.i.embedder.EclipseLogger - skip non existing resourceDirectory /Users/johyunmin/IoT_TCP_IP_Network/network3/webspringserver/src/test/resources
2020-03-12 09:58:44,876 [Worker-98: Building workspace] WARN  o.e.m.c.i.embedder.EclipseLogger - Using platform encoding (UTF-8 actually) to copy filtered resources, i.e. build is platform dependent!
2020-03-12 09:58:44,876 [Worker-98: Building workspace] INFO  o.e.m.c.i.embedder.EclipseLogger - skip non existing resourceDirectory /Users/johyunmin/IoT_TCP_IP_Network/network3/webspringserver/src/main/resources
2020-03-12 09:58:44,877 [Worker-98: Building workspace] WARN  o.e.m.c.i.embedder.EclipseLogger - Using platform encoding (UTF-8 actually) to copy filtered resources, i.e. build is platform dependent!
2020-03-12 09:58:44,877 [Worker-98: Building workspace] INFO  o.e.m.c.i.embedder.EclipseLogger - skip non existing resourceDirectory /Users/johyunmin/IoT_TCP_IP_Network/network3/webspringserver/src/test/resources
2020-03-12 09:59:13,032 [Worker-105: Building workspace] WARN  o.e.m.c.i.embedder.EclipseLogger - Using platform encoding (UTF-8 actually) to copy filtered resources, i.e. build is platform dependent!
2020-03-12 09:59:13,032 [Worker-105: Building workspace] INFO  o.e.m.c.i.embedder.EclipseLogger - skip non existing resourceDirectory /Users/johyunmin/IoT_TCP_IP_Network/network3/webspringserver/src/main/resources
2020-03-12 09:59:13,033 [Worker-105: Building workspace] WARN  o.e.m.c.i.embedder.EclipseLogger - Using platform encoding (UTF-8 actually) to copy filtered resources, i.e. build is platform dependent!
2020-03-12 09:59:13,033 [Worker-105: Building workspace] INFO  o.e.m.c.i.embedder.EclipseLogger - skip non existing resourceDirectory /Users/johyunmin/IoT_TCP_IP_Network/network3/webspringserver/src/test/resources
2020-03-12 09:59:29,481 [Worker-105: Building workspace] WARN  o.e.m.c.i.embedder.EclipseLogger - Using platform encoding (UTF-8 actually) to copy filtered resources, i.e. build is platform dependent!
2020-03-12 09:59:29,481 [Worker-105: Building workspace] INFO  o.e.m.c.i.embedder.EclipseLogger - skip non existing resourceDirectory /Users/johyunmin/IoT_TCP_IP_Network/network3/webspringserver/src/main/resources
2020-03-12 09:59:29,483 [Worker-105: Building workspace] WARN  o.e.m.c.i.embedder.EclipseLogger - Using platform encoding (UTF-8 actually) to copy filtered resources, i.e. build is platform dependent!
2020-03-12 09:59:29,483 [Worker-105: Building workspace] INFO  o.e.m.c.i.embedder.EclipseLogger - skip non existing resourceDirectory /Users/johyunmin/IoT_TCP_IP_Network/network3/webspringserver/src/test/resources
2020-03-12 09:59:46,055 [Worker-103: Building workspace] WARN  o.e.m.c.i.embedder.EclipseLogger - Using platform encoding (UTF-8 actually) to copy filtered resources, i.e. build is platform dependent!
2020-03-12 09:59:46,057 [Worker-103: Building workspace] INFO  o.e.m.c.i.embedder.EclipseLogger - skip non existing resourceDirectory /Users/johyunmin/IoT_TCP_IP_Network/network3/webspringserver/src/main/resources
2020-03-12 09:59:46,058 [Worker-103: Building workspace] WARN  o.e.m.c.i.embedder.EclipseLogger - Using platform encoding (UTF-8 actually) to copy filtered resources, i.e. build is platform dependent!
2020-03-12 09:59:46,058 [Worker-103: Building workspace] INFO  o.e.m.c.i.embedder.EclipseLogger - skip non existing resourceDirectory /Users/johyunmin/IoT_TCP_IP_Network/network3/webspringserver/src/test/resources
2020-03-12 10:00:05,606 [Worker-98: Building workspace] WARN  o.e.m.c.i.embedder.EclipseLogger - Using platform encoding (UTF-8 actually) to copy filtered resources, i.e. build is platform dependent!
2020-03-12 10:00:05,607 [Worker-98: Building workspace] INFO  o.e.m.c.i.embedder.EclipseLogger - skip non existing resourceDirectory /Users/johyunmin/IoT_TCP_IP_Network/network3/webspringserver/src/main/resources
2020-03-12 10:00:05,608 [Worker-98: Building workspace] WARN  o.e.m.c.i.embedder.EclipseLogger - Using platform encoding (UTF-8 actually) to copy filtered resources, i.e. build is platform dependent!
2020-03-12 10:00:05,608 [Worker-98: Building workspace] INFO  o.e.m.c.i.embedder.EclipseLogger - skip non existing resourceDirectory /Users/johyunmin/IoT_TCP_IP_Network/network3/webspringserver/src/test/resources
2020-03-12 10:00:07,652 [Worker-102: Building workspace] WARN  o.e.m.c.i.embedder.EclipseLogger - Using platform encoding (UTF-8 actually) to copy filtered resources, i.e. build is platform dependent!
2020-03-12 10:00:07,652 [Worker-102: Building workspace] INFO  o.e.m.c.i.embedder.EclipseLogger - skip non existing resourceDirectory /Users/johyunmin/IoT_TCP_IP_Network/network3/webspringserver/src/main/resources
2020-03-12 10:00:07,653 [Worker-102: Building workspace] WARN  o.e.m.c.i.embedder.EclipseLogger - Using platform encoding (UTF-8 actually) to copy filtered resources, i.e. build is platform dependent!
2020-03-12 10:00:07,653 [Worker-102: Building workspace] INFO  o.e.m.c.i.embedder.EclipseLogger - skip non existing resourceDirectory /Users/johyunmin/IoT_TCP_IP_Network/network3/webspringserver/src/test/resources
2020-03-12 10:00:13,585 [Worker-103: Building workspace] WARN  o.e.m.c.i.embedder.EclipseLogger - Using platform encoding (UTF-8 actually) to copy filtered resources, i.e. build is platform dependent!
2020-03-12 10:00:13,586 [Worker-103: Building workspace] INFO  o.e.m.c.i.embedder.EclipseLogger - skip non existing resourceDirectory /Users/johyunmin/IoT_TCP_IP_Network/network3/webspringserver/src/main/resources
2020-03-12 10:00:13,586 [Worker-103: Building workspace] WARN  o.e.m.c.i.embedder.EclipseLogger - Using platform encoding (UTF-8 actually) to copy filtered resources, i.e. build is platform dependent!
2020-03-12 10:00:13,587 [Worker-103: Building workspace] INFO  o.e.m.c.i.embedder.EclipseLogger - skip non existing resourceDirectory /Users/johyunmin/IoT_TCP_IP_Network/network3/webspringserver/src/test/resources
2020-03-12 10:00:17,029 [Worker-87: Building workspace] WARN  o.e.m.c.i.embedder.EclipseLogger - Using platform encoding (UTF-8 actually) to copy filtered resources, i.e. build is platform dependent!
2020-03-12 10:00:17,030 [Worker-87: Building workspace] INFO  o.e.m.c.i.embedder.EclipseLogger - skip non existing resourceDirectory /Users/johyunmin/IoT_TCP_IP_Network/network3/webspringserver/src/main/resources
2020-03-12 10:00:17,031 [Worker-87: Building workspace] WARN  o.e.m.c.i.embedder.EclipseLogger - Using platform encoding (UTF-8 actually) to copy filtered resources, i.e. build is platform dependent!
2020-03-12 10:00:17,031 [Worker-87: Building workspace] INFO  o.e.m.c.i.embedder.EclipseLogger - skip non existing resourceDirectory /Users/johyunmin/IoT_TCP_IP_Network/network3/webspringserver/src/test/resources
2020-03-12 10:00:51,316 [Worker-109: Building workspace] WARN  o.e.m.c.i.embedder.EclipseLogger - Using platform encoding (UTF-8 actually) to copy filtered resources, i.e. build is platform dependent!
2020-03-12 10:00:51,317 [Worker-109: Building workspace] INFO  o.e.m.c.i.embedder.EclipseLogger - skip non existing resourceDirectory /Users/johyunmin/IoT_TCP_IP_Network/network3/webspringserver/src/main/resources
2020-03-12 10:00:51,318 [Worker-109: Building workspace] WARN  o.e.m.c.i.embedder.EclipseLogger - Using platform encoding (UTF-8 actually) to copy filtered resources, i.e. build is platform dependent!
2020-03-12 10:00:51,318 [Worker-109: Building workspace] INFO  o.e.m.c.i.embedder.EclipseLogger - skip non existing resourceDirectory /Users/johyunmin/IoT_TCP_IP_Network/network3/webspringserver/src/test/resources
2020-03-12 10:01:01,143 [Worker-96: Building Workspace] WARN  o.e.m.c.i.embedder.EclipseLogger - Using platform encoding (UTF-8 actually) to copy filtered resources, i.e. build is platform dependent!
2020-03-12 10:01:01,143 [Worker-96: Building Workspace] INFO  o.e.m.c.i.embedder.EclipseLogger - skip non existing resourceDirectory /Users/johyunmin/IoT_TCP_IP_Network/network3/webspringserver/src/main/resources
2020-03-12 10:01:01,144 [Worker-96: Building Workspace] WARN  o.e.m.c.i.embedder.EclipseLogger - Using platform encoding (UTF-8 actually) to copy filtered resources, i.e. build is platform dependent!
2020-03-12 10:01:01,144 [Worker-96: Building Workspace] INFO  o.e.m.c.i.embedder.EclipseLogger - skip non existing resourceDirectory /Users/johyunmin/IoT_TCP_IP_Network/network3/webspringserver/src/test/resources
2020-03-12 10:04:15,997 [Worker-101: Building workspace] WARN  o.e.m.c.i.embedder.EclipseLogger - Using platform encoding (UTF-8 actually) to copy filtered resources, i.e. build is platform dependent!
2020-03-12 10:04:15,999 [Worker-101: Building workspace] INFO  o.e.m.c.i.embedder.EclipseLogger - skip non existing resourceDirectory /Users/johyunmin/IoT_TCP_IP_Network/network3/webspringserver/src/main/resources
2020-03-12 10:04:15,999 [Worker-101: Building workspace] WARN  o.e.m.c.i.embedder.EclipseLogger - Using platform encoding (UTF-8 actually) to copy filtered resources, i.e. build is platform dependent!
2020-03-12 10:04:16,000 [Worker-101: Building workspace] INFO  o.e.m.c.i.embedder.EclipseLogger - skip non existing resourceDirectory /Users/johyunmin/IoT_TCP_IP_Network/network3/webspringserver/src/test/resources
2020-03-12 10:04:23,422 [Worker-104: Building workspace] WARN  o.e.m.c.i.embedder.EclipseLogger - Using platform encoding (UTF-8 actually) to copy filtered resources, i.e. build is platform dependent!
2020-03-12 10:04:23,423 [Worker-104: Building workspace] INFO  o.e.m.c.i.embedder.EclipseLogger - skip non existing resourceDirectory /Users/johyunmin/IoT_TCP_IP_Network/network3/webspringserver/src/main/resources
2020-03-12 10:04:23,423 [Worker-104: Building workspace] WARN  o.e.m.c.i.embedder.EclipseLogger - Using platform encoding (UTF-8 actually) to copy filtered resources, i.e. build is platform dependent!
2020-03-12 10:04:23,423 [Worker-104: Building workspace] INFO  o.e.m.c.i.embedder.EclipseLogger - skip non existing resourceDirectory /Users/johyunmin/IoT_TCP_IP_Network/network3/webspringserver/src/test/resources
2020-03-12 10:04:25,471 [Worker-87: Building workspace] WARN  o.e.m.c.i.embedder.EclipseLogger - Using platform encoding (UTF-8 actually) to copy filtered resources, i.e. build is platform dependent!
2020-03-12 10:04:25,472 [Worker-87: Building workspace] INFO  o.e.m.c.i.embedder.EclipseLogger - skip non existing resourceDirectory /Users/johyunmin/IoT_TCP_IP_Network/network3/webspringserver/src/main/resources
2020-03-12 10:04:25,472 [Worker-87: Building workspace] WARN  o.e.m.c.i.embedder.EclipseLogger - Using platform encoding (UTF-8 actually) to copy filtered resources, i.e. build is platform dependent!
2020-03-12 10:04:25,473 [Worker-87: Building workspace] INFO  o.e.m.c.i.embedder.EclipseLogger - skip non existing resourceDirectory /Users/johyunmin/IoT_TCP_IP_Network/network3/webspringserver/src/test/resources
2020-03-12 10:04:27,520 [Worker-102: Building workspace] WARN  o.e.m.c.i.embedder.EclipseLogger - Using platform encoding (UTF-8 actually) to copy filtered resources, i.e. build is platform dependent!
2020-03-12 10:04:27,521 [Worker-102: Building workspace] INFO  o.e.m.c.i.embedder.EclipseLogger - skip non existing resourceDirectory /Users/johyunmin/IoT_TCP_IP_Network/network3/webspringserver/src/main/resources
2020-03-12 10:04:27,521 [Worker-102: Building workspace] WARN  o.e.m.c.i.embedder.EclipseLogger - Using platform encoding (UTF-8 actually) to copy filtered resources, i.e. build is platform dependent!
2020-03-12 10:04:27,522 [Worker-102: Building workspace] INFO  o.e.m.c.i.embedder.EclipseLogger - skip non existing resourceDirectory /Users/johyunmin/IoT_TCP_IP_Network/network3/webspringserver/src/test/resources
2020-03-12 10:04:34,680 [Worker-97: Building workspace] WARN  o.e.m.c.i.embedder.EclipseLogger - Using platform encoding (UTF-8 actually) to copy filtered resources, i.e. build is platform dependent!
2020-03-12 10:04:34,681 [Worker-97: Building workspace] INFO  o.e.m.c.i.embedder.EclipseLogger - skip non existing resourceDirectory /Users/johyunmin/IoT_TCP_IP_Network/network3/webspringserver/src/main/resources
2020-03-12 10:04:34,682 [Worker-97: Building workspace] WARN  o.e.m.c.i.embedder.EclipseLogger - Using platform encoding (UTF-8 actually) to copy filtered resources, i.e. build is platform dependent!
2020-03-12 10:04:34,682 [Worker-97: Building workspace] INFO  o.e.m.c.i.embedder.EclipseLogger - skip non existing resourceDirectory /Users/johyunmin/IoT_TCP_IP_Network/network3/webspringserver/src/test/resources
2020-03-12 10:08:28,261 [Worker-104: Building workspace] WARN  o.e.m.c.i.embedder.EclipseLogger - Using platform encoding (UTF-8 actually) to copy filtered resources, i.e. build is platform dependent!
2020-03-12 10:08:28,262 [Worker-104: Building workspace] INFO  o.e.m.c.i.embedder.EclipseLogger - skip non existing resourceDirectory /Users/johyunmin/IoT_TCP_IP_Network/network3/webspringserver/src/main/resources
2020-03-12 10:08:28,263 [Worker-104: Building workspace] WARN  o.e.m.c.i.embedder.EclipseLogger - Using platform encoding (UTF-8 actually) to copy filtered resources, i.e. build is platform dependent!
2020-03-12 10:08:28,263 [Worker-104: Building workspace] INFO  o.e.m.c.i.embedder.EclipseLogger - skip non existing resourceDirectory /Users/johyunmin/IoT_TCP_IP_Network/network3/webspringserver/src/test/resources
2020-03-12 10:11:16,753 [Worker-104: Building workspace] WARN  o.e.m.c.i.embedder.EclipseLogger - Using platform encoding (UTF-8 actually) to copy filtered resources, i.e. build is platform dependent!
2020-03-12 10:11:16,754 [Worker-104: Building workspace] INFO  o.e.m.c.i.embedder.EclipseLogger - skip non existing resourceDirectory /Users/johyunmin/IoT_TCP_IP_Network/network3/webspringserver/src/main/resources
2020-03-12 10:11:16,754 [Worker-104: Building workspace] WARN  o.e.m.c.i.embedder.EclipseLogger - Using platform encoding (UTF-8 actually) to copy filtered resources, i.e. build is platform dependent!
2020-03-12 10:11:16,754 [Worker-104: Building workspace] INFO  o.e.m.c.i.embedder.EclipseLogger - skip non existing resourceDirectory /Users/johyunmin/IoT_TCP_IP_Network/network3/webspringserver/src/test/resources
2020-03-12 10:11:50,860 [Worker-108: Building workspace] WARN  o.e.m.c.i.embedder.EclipseLogger - Using platform encoding (UTF-8 actually) to copy filtered resources, i.e. build is platform dependent!
2020-03-12 10:11:50,860 [Worker-108: Building workspace] INFO  o.e.m.c.i.embedder.EclipseLogger - skip non existing resourceDirectory /Users/johyunmin/IoT_TCP_IP_Network/network3/webspringserver/src/main/resources
2020-03-12 10:11:50,860 [Worker-108: Building workspace] WARN  o.e.m.c.i.embedder.EclipseLogger - Using platform encoding (UTF-8 actually) to copy filtered resources, i.e. build is platform dependent!
2020-03-12 10:11:50,861 [Worker-108: Building workspace] INFO  o.e.m.c.i.embedder.EclipseLogger - skip non existing resourceDirectory /Users/johyunmin/IoT_TCP_IP_Network/network3/webspringserver/src/test/resources
2020-03-12 10:12:37,369 [Worker-116: Building workspace] WARN  o.e.m.c.i.embedder.EclipseLogger - Using platform encoding (UTF-8 actually) to copy filtered resources, i.e. build is platform dependent!
2020-03-12 10:12:37,371 [Worker-116: Building workspace] INFO  o.e.m.c.i.embedder.EclipseLogger - skip non existing resourceDirectory /Users/johyunmin/IoT_TCP_IP_Network/network3/webspringserver/src/main/resources
2020-03-12 10:12:37,371 [Worker-116: Building workspace] WARN  o.e.m.c.i.embedder.EclipseLogger - Using platform encoding (UTF-8 actually) to copy filtered resources, i.e. build is platform dependent!
2020-03-12 10:12:37,371 [Worker-116: Building workspace] INFO  o.e.m.c.i.embedder.EclipseLogger - skip non existing resourceDirectory /Users/johyunmin/IoT_TCP_IP_Network/network3/webspringserver/src/test/resources
2020-03-12 10:12:44,762 [Worker-104: Building workspace] WARN  o.e.m.c.i.embedder.EclipseLogger - Using platform encoding (UTF-8 actually) to copy filtered resources, i.e. build is platform dependent!
2020-03-12 10:12:44,762 [Worker-104: Building workspace] INFO  o.e.m.c.i.embedder.EclipseLogger - skip non existing resourceDirectory /Users/johyunmin/IoT_TCP_IP_Network/network3/webspringserver/src/main/resources
2020-03-12 10:12:44,763 [Worker-104: Building workspace] WARN  o.e.m.c.i.embedder.EclipseLogger - Using platform encoding (UTF-8 actually) to copy filtered resources, i.e. build is platform dependent!
2020-03-12 10:12:44,763 [Worker-104: Building workspace] INFO  o.e.m.c.i.embedder.EclipseLogger - skip non existing resourceDirectory /Users/johyunmin/IoT_TCP_IP_Network/network3/webspringserver/src/test/resources
2020-03-12 10:12:54,645 [Worker-108: Building workspace] WARN  o.e.m.c.i.embedder.EclipseLogger - Using platform encoding (UTF-8 actually) to copy filtered resources, i.e. build is platform dependent!
2020-03-12 10:12:54,646 [Worker-108: Building workspace] INFO  o.e.m.c.i.embedder.EclipseLogger - skip non existing resourceDirectory /Users/johyunmin/IoT_TCP_IP_Network/network3/webspringserver/src/main/resources
2020-03-12 10:12:54,647 [Worker-108: Building workspace] WARN  o.e.m.c.i.embedder.EclipseLogger - Using platform encoding (UTF-8 actually) to copy filtered resources, i.e. build is platform dependent!
2020-03-12 10:12:54,648 [Worker-108: Building workspace] INFO  o.e.m.c.i.embedder.EclipseLogger - skip non existing resourceDirectory /Users/johyunmin/IoT_TCP_IP_Network/network3/webspringserver/src/test/resources
2020-03-12 10:13:38,094 [Worker-118: Building workspace] WARN  o.e.m.c.i.embedder.EclipseLogger - Using platform encoding (UTF-8 actually) to copy filtered resources, i.e. build is platform dependent!
2020-03-12 10:13:38,096 [Worker-118: Building workspace] INFO  o.e.m.c.i.embedder.EclipseLogger - skip non existing resourceDirectory /Users/johyunmin/IoT_TCP_IP_Network/network3/webspringserver/src/main/resources
2020-03-12 10:13:38,096 [Worker-118: Building workspace] WARN  o.e.m.c.i.embedder.EclipseLogger - Using platform encoding (UTF-8 actually) to copy filtered resources, i.e. build is platform dependent!
2020-03-12 10:13:38,097 [Worker-118: Building workspace] INFO  o.e.m.c.i.embedder.EclipseLogger - skip non existing resourceDirectory /Users/johyunmin/IoT_TCP_IP_Network/network3/webspringserver/src/test/resources
2020-03-12 10:13:52,259 [Worker-100: Building workspace] WARN  o.e.m.c.i.embedder.EclipseLogger - Using platform encoding (UTF-8 actually) to copy filtered resources, i.e. build is platform dependent!
2020-03-12 10:13:52,260 [Worker-100: Building workspace] INFO  o.e.m.c.i.embedder.EclipseLogger - skip non existing resourceDirectory /Users/johyunmin/IoT_TCP_IP_Network/network3/webspringserver/src/main/resources
2020-03-12 10:13:52,261 [Worker-100: Building workspace] WARN  o.e.m.c.i.embedder.EclipseLogger - Using platform encoding (UTF-8 actually) to copy filtered resources, i.e. build is platform dependent!
2020-03-12 10:13:52,262 [Worker-100: Building workspace] INFO  o.e.m.c.i.embedder.EclipseLogger - skip non existing resourceDirectory /Users/johyunmin/IoT_TCP_IP_Network/network3/webspringserver/src/test/resources
2020-03-12 10:14:28,053 [Worker-108: Building workspace] WARN  o.e.m.c.i.embedder.EclipseLogger - Using platform encoding (UTF-8 actually) to copy filtered resources, i.e. build is platform dependent!
2020-03-12 10:14:28,054 [Worker-108: Building workspace] INFO  o.e.m.c.i.embedder.EclipseLogger - skip non existing resourceDirectory /Users/johyunmin/IoT_TCP_IP_Network/network3/webspringserver/src/main/resources
2020-03-12 10:14:28,054 [Worker-108: Building workspace] WARN  o.e.m.c.i.embedder.EclipseLogger - Using platform encoding (UTF-8 actually) to copy filtered resources, i.e. build is platform dependent!
2020-03-12 10:14:28,054 [Worker-108: Building workspace] INFO  o.e.m.c.i.embedder.EclipseLogger - skip non existing resourceDirectory /Users/johyunmin/IoT_TCP_IP_Network/network3/webspringserver/src/test/resources
2020-03-12 10:18:47,502 [Worker-104: Building workspace] WARN  o.e.m.c.i.embedder.EclipseLogger - Using platform encoding (UTF-8 actually) to copy filtered resources, i.e. build is platform dependent!
2020-03-12 10:18:47,504 [Worker-104: Building workspace] INFO  o.e.m.c.i.embedder.EclipseLogger - skip non existing resourceDirectory /Users/johyunmin/IoT_TCP_IP_Network/network3/webspringserver/src/main/resources
2020-03-12 10:18:47,505 [Worker-104: Building workspace] WARN  o.e.m.c.i.embedder.EclipseLogger - Using platform encoding (UTF-8 actually) to copy filtered resources, i.e. build is platform dependent!
2020-03-12 10:18:47,505 [Worker-104: Building workspace] INFO  o.e.m.c.i.embedder.EclipseLogger - skip non existing resourceDirectory /Users/johyunmin/IoT_TCP_IP_Network/network3/webspringserver/src/test/resources
2020-03-12 10:19:03,153 [Worker-104: Cleaning all projects] INFO  o.e.m.w.i.f.ResourceFilteringBuildParticipant - Cleaning filtered folder for webspringserver
2020-03-12 10:19:03,589 [Worker-104: Building workspace] WARN  o.e.m.c.i.embedder.EclipseLogger - Using platform encoding (UTF-8 actually) to copy filtered resources, i.e. build is platform dependent!
2020-03-12 10:19:03,590 [Worker-104: Building workspace] INFO  o.e.m.c.i.embedder.EclipseLogger - skip non existing resourceDirectory /Users/johyunmin/IoT_TCP_IP_Network/network3/webspringserver/src/main/resources
2020-03-12 10:19:03,590 [Worker-104: Building workspace] WARN  o.e.m.c.i.embedder.EclipseLogger - Using platform encoding (UTF-8 actually) to copy filtered resources, i.e. build is platform dependent!
2020-03-12 10:19:03,590 [Worker-104: Building workspace] INFO  o.e.m.c.i.embedder.EclipseLogger - skip non existing resourceDirectory /Users/johyunmin/IoT_TCP_IP_Network/network3/webspringserver/src/test/resources
2020-03-12 10:19:03,591 [Worker-104: Building workspace] INFO  o.e.m.w.i.f.ResourceFilteringBuildParticipant - Changed resources require a complete clean of filtered resources of webspringserver
2020-03-12 10:19:03,591 [Worker-104: Building workspace] INFO  o.e.m.w.i.f.ResourceFilteringBuildParticipant - Executing resource filtering for webspringserver
2020-03-12 10:19:03,601 [Worker-104: Building workspace] WARN  o.e.m.c.i.embedder.EclipseLogger - Using platform encoding (UTF-8 actually) to copy filtered resources, i.e. build is platform dependent!
2020-03-12 10:20:12,685 [Worker-104: Building workspace] WARN  o.e.m.c.i.embedder.EclipseLogger - Using platform encoding (UTF-8 actually) to copy filtered resources, i.e. build is platform dependent!
2020-03-12 10:20:12,685 [Worker-104: Building workspace] INFO  o.e.m.c.i.embedder.EclipseLogger - skip non existing resourceDirectory /Users/johyunmin/IoT_TCP_IP_Network/network3/webspringserver/src/main/resources
2020-03-12 10:20:12,686 [Worker-104: Building workspace] WARN  o.e.m.c.i.embedder.EclipseLogger - Using platform encoding (UTF-8 actually) to copy filtered resources, i.e. build is platform dependent!
2020-03-12 10:20:12,686 [Worker-104: Building workspace] INFO  o.e.m.c.i.embedder.EclipseLogger - skip non existing resourceDirectory /Users/johyunmin/IoT_TCP_IP_Network/network3/webspringserver/src/test/resources
2020-03-12 10:20:20,542 [Worker-112: Building workspace] WARN  o.e.m.c.i.embedder.EclipseLogger - Using platform encoding (UTF-8 actually) to copy filtered resources, i.e. build is platform dependent!
2020-03-12 10:20:20,542 [Worker-112: Building workspace] INFO  o.e.m.c.i.embedder.EclipseLogger - skip non existing resourceDirectory /Users/johyunmin/IoT_TCP_IP_Network/network3/webspringserver/src/main/resources
2020-03-12 10:20:20,543 [Worker-112: Building workspace] WARN  o.e.m.c.i.embedder.EclipseLogger - Using platform encoding (UTF-8 actually) to copy filtered resources, i.e. build is platform dependent!
2020-03-12 10:20:20,543 [Worker-112: Building workspace] INFO  o.e.m.c.i.embedder.EclipseLogger - skip non existing resourceDirectory /Users/johyunmin/IoT_TCP_IP_Network/network3/webspringserver/src/test/resources
2020-03-12 10:20:44,434 [Worker-121: Building workspace] WARN  o.e.m.c.i.embedder.EclipseLogger - Using platform encoding (UTF-8 actually) to copy filtered resources, i.e. build is platform dependent!
2020-03-12 10:20:44,435 [Worker-121: Building workspace] INFO  o.e.m.c.i.embedder.EclipseLogger - skip non existing resourceDirectory /Users/johyunmin/IoT_TCP_IP_Network/network3/webspringserver/src/main/resources
2020-03-12 10:20:44,435 [Worker-121: Building workspace] WARN  o.e.m.c.i.embedder.EclipseLogger - Using platform encoding (UTF-8 actually) to copy filtered resources, i.e. build is platform dependent!
2020-03-12 10:20:44,435 [Worker-121: Building workspace] INFO  o.e.m.c.i.embedder.EclipseLogger - skip non existing resourceDirectory /Users/johyunmin/IoT_TCP_IP_Network/network3/webspringserver/src/test/resources
2020-03-12 10:20:51,943 [Worker-119: Building workspace] WARN  o.e.m.c.i.embedder.EclipseLogger - Using platform encoding (UTF-8 actually) to copy filtered resources, i.e. build is platform dependent!
2020-03-12 10:20:51,943 [Worker-119: Building workspace] INFO  o.e.m.c.i.embedder.EclipseLogger - skip non existing resourceDirectory /Users/johyunmin/IoT_TCP_IP_Network/network3/webspringserver/src/main/resources
2020-03-12 10:20:51,943 [Worker-119: Building workspace] WARN  o.e.m.c.i.embedder.EclipseLogger - Using platform encoding (UTF-8 actually) to copy filtered resources, i.e. build is platform dependent!
2020-03-12 10:20:51,944 [Worker-119: Building workspace] INFO  o.e.m.c.i.embedder.EclipseLogger - skip non existing resourceDirectory /Users/johyunmin/IoT_TCP_IP_Network/network3/webspringserver/src/test/resources
2020-03-12 10:21:09,795 [Worker-121: Building workspace] WARN  o.e.m.c.i.embedder.EclipseLogger - Using platform encoding (UTF-8 actually) to copy filtered resources, i.e. build is platform dependent!
2020-03-12 10:21:09,795 [Worker-121: Building workspace] INFO  o.e.m.c.i.embedder.EclipseLogger - skip non existing resourceDirectory /Users/johyunmin/IoT_TCP_IP_Network/network3/webspringserver/src/main/resources
2020-03-12 10:21:09,796 [Worker-121: Building workspace] WARN  o.e.m.c.i.embedder.EclipseLogger - Using platform encoding (UTF-8 actually) to copy filtered resources, i.e. build is platform dependent!
2020-03-12 10:21:09,796 [Worker-121: Building workspace] INFO  o.e.m.c.i.embedder.EclipseLogger - skip non existing resourceDirectory /Users/johyunmin/IoT_TCP_IP_Network/network3/webspringserver/src/test/resources
2020-03-12 10:21:18,380 [Worker-104: Building workspace] WARN  o.e.m.c.i.embedder.EclipseLogger - Using platform encoding (UTF-8 actually) to copy filtered resources, i.e. build is platform dependent!
2020-03-12 10:21:18,381 [Worker-104: Building workspace] INFO  o.e.m.c.i.embedder.EclipseLogger - skip non existing resourceDirectory /Users/johyunmin/IoT_TCP_IP_Network/network3/webspringserver/src/main/resources
2020-03-12 10:21:18,381 [Worker-104: Building workspace] WARN  o.e.m.c.i.embedder.EclipseLogger - Using platform encoding (UTF-8 actually) to copy filtered resources, i.e. build is platform dependent!
2020-03-12 10:21:18,382 [Worker-104: Building workspace] INFO  o.e.m.c.i.embedder.EclipseLogger - skip non existing resourceDirectory /Users/johyunmin/IoT_TCP_IP_Network/network3/webspringserver/src/test/resources
2020-03-12 10:22:00,756 [Worker-104: Building workspace] WARN  o.e.m.c.i.embedder.EclipseLogger - Using platform encoding (UTF-8 actually) to copy filtered resources, i.e. build is platform dependent!
2020-03-12 10:22:00,756 [Worker-104: Building workspace] INFO  o.e.m.c.i.embedder.EclipseLogger - skip non existing resourceDirectory /Users/johyunmin/IoT_TCP_IP_Network/network3/webspringserver/src/main/resources
2020-03-12 10:22:00,757 [Worker-104: Building workspace] WARN  o.e.m.c.i.embedder.EclipseLogger - Using platform encoding (UTF-8 actually) to copy filtered resources, i.e. build is platform dependent!
2020-03-12 10:22:00,757 [Worker-104: Building workspace] INFO  o.e.m.c.i.embedder.EclipseLogger - skip non existing resourceDirectory /Users/johyunmin/IoT_TCP_IP_Network/network3/webspringserver/src/test/resources
2020-03-12 10:23:15,448 [Worker-128: Building workspace] WARN  o.e.m.c.i.embedder.EclipseLogger - Using platform encoding (UTF-8 actually) to copy filtered resources, i.e. build is platform dependent!
2020-03-12 10:23:15,448 [Worker-128: Building workspace] INFO  o.e.m.c.i.embedder.EclipseLogger - skip non existing resourceDirectory /Users/johyunmin/IoT_TCP_IP_Network/network3/webspringserver/src/main/resources
2020-03-12 10:23:15,450 [Worker-128: Building workspace] WARN  o.e.m.c.i.embedder.EclipseLogger - Using platform encoding (UTF-8 actually) to copy filtered resources, i.e. build is platform dependent!
2020-03-12 10:23:15,451 [Worker-128: Building workspace] INFO  o.e.m.c.i.embedder.EclipseLogger - skip non existing resourceDirectory /Users/johyunmin/IoT_TCP_IP_Network/network3/webspringserver/src/test/resources
2020-03-12 10:23:28,074 [Worker-120: Building workspace] WARN  o.e.m.c.i.embedder.EclipseLogger - Using platform encoding (UTF-8 actually) to copy filtered resources, i.e. build is platform dependent!
2020-03-12 10:23:28,075 [Worker-120: Building workspace] INFO  o.e.m.c.i.embedder.EclipseLogger - skip non existing resourceDirectory /Users/johyunmin/IoT_TCP_IP_Network/network3/webspringserver/src/main/resources
2020-03-12 10:23:28,075 [Worker-120: Building workspace] WARN  o.e.m.c.i.embedder.EclipseLogger - Using platform encoding (UTF-8 actually) to copy filtered resources, i.e. build is platform dependent!
2020-03-12 10:23:28,075 [Worker-120: Building workspace] INFO  o.e.m.c.i.embedder.EclipseLogger - skip non existing resourceDirectory /Users/johyunmin/IoT_TCP_IP_Network/network3/webspringserver/src/test/resources
2020-03-12 10:25:23,927 [Worker-128: Building workspace] WARN  o.e.m.c.i.embedder.EclipseLogger - Using platform encoding (UTF-8 actually) to copy filtered resources, i.e. build is platform dependent!
2020-03-12 10:25:23,928 [Worker-128: Building workspace] INFO  o.e.m.c.i.embedder.EclipseLogger - skip non existing resourceDirectory /Users/johyunmin/IoT_TCP_IP_Network/network3/webspringserver/src/main/resources
2020-03-12 10:25:23,929 [Worker-128: Building workspace] WARN  o.e.m.c.i.embedder.EclipseLogger - Using platform encoding (UTF-8 actually) to copy filtered resources, i.e. build is platform dependent!
2020-03-12 10:25:23,929 [Worker-128: Building workspace] INFO  o.e.m.c.i.embedder.EclipseLogger - skip non existing resourceDirectory /Users/johyunmin/IoT_TCP_IP_Network/network3/webspringserver/src/test/resources
2020-03-12 10:25:29,914 [Worker-128: Building workspace] WARN  o.e.m.c.i.embedder.EclipseLogger - Using platform encoding (UTF-8 actually) to copy filtered resources, i.e. build is platform dependent!
2020-03-12 10:25:29,915 [Worker-128: Building workspace] INFO  o.e.m.c.i.embedder.EclipseLogger - skip non existing resourceDirectory /Users/johyunmin/IoT_TCP_IP_Network/network3/webspringserver/src/main/resources
2020-03-12 10:25:29,915 [Worker-128: Building workspace] WARN  o.e.m.c.i.embedder.EclipseLogger - Using platform encoding (UTF-8 actually) to copy filtered resources, i.e. build is platform dependent!
2020-03-12 10:25:29,915 [Worker-128: Building workspace] INFO  o.e.m.c.i.embedder.EclipseLogger - skip non existing resourceDirectory /Users/johyunmin/IoT_TCP_IP_Network/network3/webspringserver/src/test/resources
2020-03-12 10:25:35,229 [Worker-127: Building workspace] WARN  o.e.m.c.i.embedder.EclipseLogger - Using platform encoding (UTF-8 actually) to copy filtered resources, i.e. build is platform dependent!
2020-03-12 10:25:35,229 [Worker-127: Building workspace] INFO  o.e.m.c.i.embedder.EclipseLogger - skip non existing resourceDirectory /Users/johyunmin/IoT_TCP_IP_Network/network3/webspringserver/src/main/resources
2020-03-12 10:25:35,230 [Worker-127: Building workspace] WARN  o.e.m.c.i.embedder.EclipseLogger - Using platform encoding (UTF-8 actually) to copy filtered resources, i.e. build is platform dependent!
2020-03-12 10:25:35,230 [Worker-127: Building workspace] INFO  o.e.m.c.i.embedder.EclipseLogger - skip non existing resourceDirectory /Users/johyunmin/IoT_TCP_IP_Network/network3/webspringserver/src/test/resources
2020-03-12 10:25:49,888 [Worker-104: Building workspace] WARN  o.e.m.c.i.embedder.EclipseLogger - Using platform encoding (UTF-8 actually) to copy filtered resources, i.e. build is platform dependent!
2020-03-12 10:25:49,888 [Worker-104: Building workspace] INFO  o.e.m.c.i.embedder.EclipseLogger - skip non existing resourceDirectory /Users/johyunmin/IoT_TCP_IP_Network/network3/webspringserver/src/main/resources
2020-03-12 10:25:49,889 [Worker-104: Building workspace] WARN  o.e.m.c.i.embedder.EclipseLogger - Using platform encoding (UTF-8 actually) to copy filtered resources, i.e. build is platform dependent!
2020-03-12 10:25:49,889 [Worker-104: Building workspace] INFO  o.e.m.c.i.embedder.EclipseLogger - skip non existing resourceDirectory /Users/johyunmin/IoT_TCP_IP_Network/network3/webspringserver/src/test/resources
2020-03-12 10:26:44,671 [Worker-126: Building workspace] WARN  o.e.m.c.i.embedder.EclipseLogger - Using platform encoding (UTF-8 actually) to copy filtered resources, i.e. build is platform dependent!
2020-03-12 10:26:44,671 [Worker-126: Building workspace] INFO  o.e.m.c.i.embedder.EclipseLogger - skip non existing resourceDirectory /Users/johyunmin/IoT_TCP_IP_Network/network3/webspringserver/src/main/resources
2020-03-12 10:26:44,671 [Worker-126: Building workspace] WARN  o.e.m.c.i.embedder.EclipseLogger - Using platform encoding (UTF-8 actually) to copy filtered resources, i.e. build is platform dependent!
2020-03-12 10:26:44,672 [Worker-126: Building workspace] INFO  o.e.m.c.i.embedder.EclipseLogger - skip non existing resourceDirectory /Users/johyunmin/IoT_TCP_IP_Network/network3/webspringserver/src/test/resources
2020-03-12 10:27:13,415 [Worker-120: Building workspace] WARN  o.e.m.c.i.embedder.EclipseLogger - Using platform encoding (UTF-8 actually) to copy filtered resources, i.e. build is platform dependent!
2020-03-12 10:27:13,416 [Worker-120: Building workspace] INFO  o.e.m.c.i.embedder.EclipseLogger - skip non existing resourceDirectory /Users/johyunmin/IoT_TCP_IP_Network/network3/webspringserver/src/main/resources
2020-03-12 10:27:13,416 [Worker-120: Building workspace] WARN  o.e.m.c.i.embedder.EclipseLogger - Using platform encoding (UTF-8 actually) to copy filtered resources, i.e. build is platform dependent!
2020-03-12 10:27:13,416 [Worker-120: Building workspace] INFO  o.e.m.c.i.embedder.EclipseLogger - skip non existing resourceDirectory /Users/johyunmin/IoT_TCP_IP_Network/network3/webspringserver/src/test/resources
2020-03-12 10:27:44,580 [Worker-127: Building workspace] WARN  o.e.m.c.i.embedder.EclipseLogger - Using platform encoding (UTF-8 actually) to copy filtered resources, i.e. build is platform dependent!
2020-03-12 10:27:44,580 [Worker-127: Building workspace] INFO  o.e.m.c.i.embedder.EclipseLogger - skip non existing resourceDirectory /Users/johyunmin/IoT_TCP_IP_Network/network3/webspringserver/src/main/resources
2020-03-12 10:27:44,581 [Worker-127: Building workspace] WARN  o.e.m.c.i.embedder.EclipseLogger - Using platform encoding (UTF-8 actually) to copy filtered resources, i.e. build is platform dependent!
2020-03-12 10:27:44,581 [Worker-127: Building workspace] INFO  o.e.m.c.i.embedder.EclipseLogger - skip non existing resourceDirectory /Users/johyunmin/IoT_TCP_IP_Network/network3/webspringserver/src/test/resources
2020-03-12 10:28:26,207 [Worker-104: Updating Maven Project] INFO  o.e.m.c.i.p.ProjectConfigurationManager - Update started
2020-03-12 10:28:26,386 [Worker-104: Updating Maven Project] INFO  o.e.m.c.i.l.LifecycleMappingFactory - Using org.maven.ide.eclipse.wtp.WarLifecycleMapping lifecycle mapping for MavenProject: webspringserver:webspringserver:0.0.1-SNAPSHOT @ /Users/johyunmin/IoT_TCP_IP_Network/network3/webspringserver/pom.xml.
2020-03-12 10:28:26,826 [Worker-104: Updating Maven Project] INFO  o.e.m.j.i.AbstractJavaProjectConfigurator - Adding source folder /webspringserver/src
2020-03-12 10:28:26,826 [Worker-104: Updating Maven Project] INFO  o.e.m.j.i.AbstractJavaProjectConfigurator - Not adding source folder /webspringserver/src/test/java because it overlaps with /webspringserver/src
2020-03-12 10:28:26,923 [Worker-104: Updating Maven Project] INFO  o.e.m.w.i.f.ResourceFilteringBuildParticipant - Cleaning filtered folder for webspringserver
2020-03-12 10:28:26,925 [Worker-104: Updating Maven Project] INFO  o.e.m.c.i.p.ProjectConfigurationManager - Update completed: 0 sec
2020-03-12 10:28:27,586 [Worker-128: Building workspace] WARN  o.e.m.c.i.embedder.EclipseLogger - Using platform encoding (UTF-8 actually) to copy filtered resources, i.e. build is platform dependent!
2020-03-12 10:28:27,586 [Worker-128: Building workspace] INFO  o.e.m.c.i.embedder.EclipseLogger - skip non existing resourceDirectory /Users/johyunmin/IoT_TCP_IP_Network/network3/webspringserver/src/main/resources
2020-03-12 10:28:27,587 [Worker-128: Building workspace] WARN  o.e.m.c.i.embedder.EclipseLogger - Using platform encoding (UTF-8 actually) to copy filtered resources, i.e. build is platform dependent!
2020-03-12 10:28:27,587 [Worker-128: Building workspace] INFO  o.e.m.c.i.embedder.EclipseLogger - skip non existing resourceDirectory /Users/johyunmin/IoT_TCP_IP_Network/network3/webspringserver/src/test/resources
2020-03-12 10:28:27,588 [Worker-128: Building workspace] INFO  o.e.m.w.i.f.ResourceFilteringBuildParticipant - Changed resources require a complete clean of filtered resources of webspringserver
2020-03-12 10:28:27,588 [Worker-128: Building workspace] INFO  o.e.m.w.i.f.ResourceFilteringBuildParticipant - Executing resource filtering for webspringserver
2020-03-12 10:28:27,589 [Worker-128: Building workspace] WARN  o.e.m.c.i.embedder.EclipseLogger - Using platform encoding (UTF-8 actually) to copy filtered resources, i.e. build is platform dependent!
2020-03-12 10:31:39,325 [Worker-128: Building workspace] WARN  o.e.m.c.i.embedder.EclipseLogger - Using platform encoding (UTF-8 actually) to copy filtered resources, i.e. build is platform dependent!
2020-03-12 10:31:39,325 [Worker-128: Building workspace] INFO  o.e.m.c.i.embedder.EclipseLogger - skip non existing resourceDirectory /Users/johyunmin/IoT_TCP_IP_Network/network3/webspringserver/src/main/resources
2020-03-12 10:31:39,325 [Worker-128: Building workspace] WARN  o.e.m.c.i.embedder.EclipseLogger - Using platform encoding (UTF-8 actually) to copy filtered resources, i.e. build is platform dependent!
2020-03-12 10:31:39,326 [Worker-128: Building workspace] INFO  o.e.m.c.i.embedder.EclipseLogger - skip non existing resourceDirectory /Users/johyunmin/IoT_TCP_IP_Network/network3/webspringserver/src/test/resources
2020-03-12 10:32:02,740 [Worker-120: Building workspace] WARN  o.e.m.c.i.embedder.EclipseLogger - Using platform encoding (UTF-8 actually) to copy filtered resources, i.e. build is platform dependent!
2020-03-12 10:32:02,741 [Worker-120: Building workspace] INFO  o.e.m.c.i.embedder.EclipseLogger - skip non existing resourceDirectory /Users/johyunmin/IoT_TCP_IP_Network/network3/webspringserver/src/main/resources
2020-03-12 10:32:02,742 [Worker-120: Building workspace] WARN  o.e.m.c.i.embedder.EclipseLogger - Using platform encoding (UTF-8 actually) to copy filtered resources, i.e. build is platform dependent!
2020-03-12 10:32:02,742 [Worker-120: Building workspace] INFO  o.e.m.c.i.embedder.EclipseLogger - skip non existing resourceDirectory /Users/johyunmin/IoT_TCP_IP_Network/network3/webspringserver/src/test/resources
2020-03-12 10:33:16,154 [Worker-131: Building workspace] WARN  o.e.m.c.i.embedder.EclipseLogger - Using platform encoding (UTF-8 actually) to copy filtered resources, i.e. build is platform dependent!
2020-03-12 10:33:16,155 [Worker-131: Building workspace] INFO  o.e.m.c.i.embedder.EclipseLogger - skip non existing resourceDirectory /Users/johyunmin/IoT_TCP_IP_Network/network3/webspringserver/src/main/resources
2020-03-12 10:33:16,155 [Worker-131: Building workspace] WARN  o.e.m.c.i.embedder.EclipseLogger - Using platform encoding (UTF-8 actually) to copy filtered resources, i.e. build is platform dependent!
2020-03-12 10:33:16,155 [Worker-131: Building workspace] INFO  o.e.m.c.i.embedder.EclipseLogger - skip non existing resourceDirectory /Users/johyunmin/IoT_TCP_IP_Network/network3/webspringserver/src/test/resources
2020-03-12 10:33:29,251 [Worker-128: Building workspace] WARN  o.e.m.c.i.embedder.EclipseLogger - Using platform encoding (UTF-8 actually) to copy filtered resources, i.e. build is platform dependent!
2020-03-12 10:33:29,251 [Worker-128: Building workspace] INFO  o.e.m.c.i.embedder.EclipseLogger - skip non existing resourceDirectory /Users/johyunmin/IoT_TCP_IP_Network/network3/webspringserver/src/main/resources
2020-03-12 10:33:29,252 [Worker-128: Building workspace] WARN  o.e.m.c.i.embedder.EclipseLogger - Using platform encoding (UTF-8 actually) to copy filtered resources, i.e. build is platform dependent!
2020-03-12 10:33:29,252 [Worker-128: Building workspace] INFO  o.e.m.c.i.embedder.EclipseLogger - skip non existing resourceDirectory /Users/johyunmin/IoT_TCP_IP_Network/network3/webspringserver/src/test/resources
2020-03-12 10:33:53,032 [Worker-132: Building workspace] WARN  o.e.m.c.i.embedder.EclipseLogger - Using platform encoding (UTF-8 actually) to copy filtered resources, i.e. build is platform dependent!
2020-03-12 10:33:53,033 [Worker-132: Building workspace] INFO  o.e.m.c.i.embedder.EclipseLogger - skip non existing resourceDirectory /Users/johyunmin/IoT_TCP_IP_Network/network3/webspringserver/src/main/resources
2020-03-12 10:33:53,033 [Worker-132: Building workspace] WARN  o.e.m.c.i.embedder.EclipseLogger - Using platform encoding (UTF-8 actually) to copy filtered resources, i.e. build is platform dependent!
2020-03-12 10:33:53,033 [Worker-132: Building workspace] INFO  o.e.m.c.i.embedder.EclipseLogger - skip non existing resourceDirectory /Users/johyunmin/IoT_TCP_IP_Network/network3/webspringserver/src/test/resources
2020-03-12 10:35:31,749 [Worker-119: Updating Maven Project] INFO  o.e.m.c.i.p.ProjectConfigurationManager - Update started
2020-03-12 10:35:31,901 [Worker-119: Updating Maven Project] INFO  o.e.m.c.i.l.LifecycleMappingFactory - Using org.maven.ide.eclipse.wtp.WarLifecycleMapping lifecycle mapping for MavenProject: webspringserver:webspringserver:0.0.1-SNAPSHOT @ /Users/johyunmin/IoT_TCP_IP_Network/network3/webspringserver/pom.xml.
2020-03-12 10:35:32,281 [Worker-119: Updating Maven Project] INFO  o.e.m.j.i.AbstractJavaProjectConfigurator - Adding source folder /webspringserver/src
2020-03-12 10:35:32,281 [Worker-119: Updating Maven Project] INFO  o.e.m.j.i.AbstractJavaProjectConfigurator - Not adding source folder /webspringserver/src/test/java because it overlaps with /webspringserver/src
2020-03-12 10:35:32,366 [Worker-119: Updating Maven Project] INFO  o.e.m.w.i.f.ResourceFilteringBuildParticipant - Cleaning filtered folder for webspringserver
2020-03-12 10:35:32,368 [Worker-119: Updating Maven Project] INFO  o.e.m.c.i.p.ProjectConfigurationManager - Update completed: 0 sec
2020-03-12 10:35:33,018 [Worker-131: Building workspace] WARN  o.e.m.c.i.embedder.EclipseLogger - Using platform encoding (UTF-8 actually) to copy filtered resources, i.e. build is platform dependent!
2020-03-12 10:35:33,018 [Worker-131: Building workspace] INFO  o.e.m.c.i.embedder.EclipseLogger - skip non existing resourceDirectory /Users/johyunmin/IoT_TCP_IP_Network/network3/webspringserver/src/main/resources
2020-03-12 10:35:33,019 [Worker-131: Building workspace] WARN  o.e.m.c.i.embedder.EclipseLogger - Using platform encoding (UTF-8 actually) to copy filtered resources, i.e. build is platform dependent!
2020-03-12 10:35:33,019 [Worker-131: Building workspace] INFO  o.e.m.c.i.embedder.EclipseLogger - skip non existing resourceDirectory /Users/johyunmin/IoT_TCP_IP_Network/network3/webspringserver/src/test/resources
2020-03-12 10:35:33,019 [Worker-131: Building workspace] INFO  o.e.m.w.i.f.ResourceFilteringBuildParticipant - Changed resources require a complete clean of filtered resources of webspringserver
2020-03-12 10:35:33,019 [Worker-131: Building workspace] INFO  o.e.m.w.i.f.ResourceFilteringBuildParticipant - Executing resource filtering for webspringserver
2020-03-12 10:35:33,021 [Worker-131: Building workspace] WARN  o.e.m.c.i.embedder.EclipseLogger - Using platform encoding (UTF-8 actually) to copy filtered resources, i.e. build is platform dependent!
2020-03-12 10:36:44,264 [Worker-134: Building workspace] WARN  o.e.m.c.i.embedder.EclipseLogger - Using platform encoding (UTF-8 actually) to copy filtered resources, i.e. build is platform dependent!
2020-03-12 10:36:44,264 [Worker-134: Building workspace] INFO  o.e.m.c.i.embedder.EclipseLogger - skip non existing resourceDirectory /Users/johyunmin/IoT_TCP_IP_Network/network3/webspringserver/src/main/resources
2020-03-12 10:36:44,265 [Worker-134: Building workspace] WARN  o.e.m.c.i.embedder.EclipseLogger - Using platform encoding (UTF-8 actually) to copy filtered resources, i.e. build is platform dependent!
2020-03-12 10:36:44,265 [Worker-134: Building workspace] INFO  o.e.m.c.i.embedder.EclipseLogger - skip non existing resourceDirectory /Users/johyunmin/IoT_TCP_IP_Network/network3/webspringserver/src/test/resources
2020-03-12 10:37:07,797 [Worker-119: Building workspace] WARN  o.e.m.c.i.embedder.EclipseLogger - Using platform encoding (UTF-8 actually) to copy filtered resources, i.e. build is platform dependent!
2020-03-12 10:37:07,798 [Worker-119: Building workspace] INFO  o.e.m.c.i.embedder.EclipseLogger - skip non existing resourceDirectory /Users/johyunmin/IoT_TCP_IP_Network/network3/webspringserver/src/main/resources
2020-03-12 10:37:07,798 [Worker-119: Building workspace] WARN  o.e.m.c.i.embedder.EclipseLogger - Using platform encoding (UTF-8 actually) to copy filtered resources, i.e. build is platform dependent!
2020-03-12 10:37:07,799 [Worker-119: Building workspace] INFO  o.e.m.c.i.embedder.EclipseLogger - skip non existing resourceDirectory /Users/johyunmin/IoT_TCP_IP_Network/network3/webspringserver/src/test/resources
